00:12:50.585+0900 [HikariPool-3 housekeeper] WARN  com.zaxxer.hikari.pool.HikariPool -HikariPool-3 - Thread starvation or clock leap detected (housekeeper delta=37m103ms831µs).
00:13:08.929+0900 [http-nio-8080-exec-9] DEBUG org.springframework.security.web.FilterChainProxy -Securing GET /review/list
00:13:08.934+0900 [http-nio-8080-exec-9] DEBUG org.springframework.security.web.context.SecurityContextPersistenceFilter -Set SecurityContextHolder to empty SecurityContext
00:13:08.942+0900 [http-nio-8080-exec-9] DEBUG org.springframework.security.web.authentication.AnonymousAuthenticationFilter -Set SecurityContextHolder to anonymous SecurityContext
00:13:08.943+0900 [http-nio-8080-exec-9] DEBUG org.springframework.security.web.session.SessionManagementFilter -Request requested invalid session id 680EB7D73CC4BF5ED8251A5F8BB3325F
00:13:08.977+0900 [http-nio-8080-exec-9] DEBUG org.springframework.security.web.access.intercept.FilterSecurityInterceptor -Failed to authorize filter invocation [GET /review/list] with attributes [hasRole('ROLE_USER')]
00:13:09.029+0900 [http-nio-8080-exec-9] DEBUG org.springframework.security.web.savedrequest.HttpSessionRequestCache -Saved request http://localhost:8080/review/list to session
00:13:09.030+0900 [http-nio-8080-exec-9] DEBUG org.springframework.security.web.DefaultRedirectStrategy -Redirecting to http://localhost:8080/login/login
00:13:09.031+0900 [http-nio-8080-exec-9] DEBUG org.springframework.security.web.context.HttpSessionSecurityContextRepository -Did not store empty SecurityContext
00:13:09.032+0900 [http-nio-8080-exec-9] DEBUG org.springframework.security.web.context.HttpSessionSecurityContextRepository -Did not store empty SecurityContext
00:13:09.032+0900 [http-nio-8080-exec-9] DEBUG org.springframework.security.web.context.SecurityContextPersistenceFilter -Cleared SecurityContextHolder to complete request
00:13:09.049+0900 [http-nio-8080-exec-10] DEBUG org.springframework.security.web.FilterChainProxy -Securing GET /login/login
00:13:09.050+0900 [http-nio-8080-exec-10] DEBUG org.springframework.security.web.context.SecurityContextPersistenceFilter -Set SecurityContextHolder to empty SecurityContext
00:13:09.050+0900 [http-nio-8080-exec-10] DEBUG org.springframework.security.web.authentication.AnonymousAuthenticationFilter -Set SecurityContextHolder to anonymous SecurityContext
00:13:09.054+0900 [http-nio-8080-exec-10] DEBUG org.springframework.security.web.access.intercept.FilterSecurityInterceptor -Authorized filter invocation [GET /login/login] with attributes [permitAll]
00:13:09.054+0900 [http-nio-8080-exec-10] DEBUG org.springframework.security.web.FilterChainProxy -Secured GET /login/login
00:13:09.162+0900 [http-nio-8080-exec-10] DEBUG org.springframework.security.web.context.HttpSessionSecurityContextRepository -Did not store anonymous SecurityContext
00:13:09.164+0900 [http-nio-8080-exec-10] DEBUG org.springframework.security.web.context.HttpSessionSecurityContextRepository -Did not store anonymous SecurityContext
00:13:09.165+0900 [http-nio-8080-exec-10] DEBUG org.springframework.security.web.context.SecurityContextPersistenceFilter -Cleared SecurityContextHolder to complete request
00:13:09.214+0900 [http-nio-8080-exec-1] DEBUG org.springframework.security.web.FilterChainProxy -Securing GET /css/style.css
00:13:09.215+0900 [http-nio-8080-exec-1] DEBUG org.springframework.security.web.context.SecurityContextPersistenceFilter -Set SecurityContextHolder to empty SecurityContext
00:13:09.215+0900 [http-nio-8080-exec-1] DEBUG org.springframework.security.web.authentication.AnonymousAuthenticationFilter -Set SecurityContextHolder to anonymous SecurityContext
00:13:09.217+0900 [http-nio-8080-exec-2] DEBUG org.springframework.security.web.FilterChainProxy -Securing GET /image/icon.png
00:13:09.222+0900 [http-nio-8080-exec-2] DEBUG org.springframework.security.web.context.SecurityContextPersistenceFilter -Set SecurityContextHolder to empty SecurityContext
00:13:09.222+0900 [http-nio-8080-exec-2] DEBUG org.springframework.security.web.authentication.AnonymousAuthenticationFilter -Set SecurityContextHolder to anonymous SecurityContext
00:13:09.229+0900 [http-nio-8080-exec-1] DEBUG org.springframework.security.web.access.intercept.FilterSecurityInterceptor -Authorized filter invocation [GET /css/style.css] with attributes [permitAll]
00:13:09.229+0900 [http-nio-8080-exec-1] DEBUG org.springframework.security.web.FilterChainProxy -Secured GET /css/style.css
00:13:09.229+0900 [http-nio-8080-exec-2] DEBUG org.springframework.security.web.access.intercept.FilterSecurityInterceptor -Authorized filter invocation [GET /image/icon.png] with attributes [permitAll]
00:13:09.229+0900 [http-nio-8080-exec-2] DEBUG org.springframework.security.web.FilterChainProxy -Secured GET /image/icon.png
00:13:09.246+0900 [http-nio-8080-exec-2] DEBUG org.springframework.security.web.context.HttpSessionSecurityContextRepository -Did not store anonymous SecurityContext
00:13:09.246+0900 [http-nio-8080-exec-1] DEBUG org.springframework.security.web.context.HttpSessionSecurityContextRepository -Did not store anonymous SecurityContext
00:13:09.247+0900 [http-nio-8080-exec-1] DEBUG org.springframework.security.web.context.HttpSessionSecurityContextRepository -Did not store anonymous SecurityContext
00:13:09.247+0900 [http-nio-8080-exec-1] DEBUG org.springframework.security.web.context.SecurityContextPersistenceFilter -Cleared SecurityContextHolder to complete request
00:13:09.250+0900 [http-nio-8080-exec-2] DEBUG org.springframework.security.web.context.HttpSessionSecurityContextRepository -Did not store anonymous SecurityContext
00:13:09.250+0900 [http-nio-8080-exec-2] DEBUG org.springframework.security.web.context.SecurityContextPersistenceFilter -Cleared SecurityContextHolder to complete request
00:13:15.217+0900 [http-nio-8080-exec-5] DEBUG org.springframework.security.web.FilterChainProxy -Securing POST /login/login
00:13:15.217+0900 [http-nio-8080-exec-5] DEBUG org.springframework.security.web.context.SecurityContextPersistenceFilter -Set SecurityContextHolder to empty SecurityContext
00:13:15.351+0900 [http-nio-8080-exec-5] INFO  kr.co.abandog.service.MemberUserDetailService -loadByUserNamegkstjfgml@naver.com
00:13:15.516+0900 [http-nio-8080-exec-5] DEBUG org.hibernate.SQL -
    select
        member0_.member_email as member_e1_10_,
        member0_.del_dtm as del_dtm2_10_,
        member0_.inst_dtm as inst_dtm3_10_,
        member0_.updt_dtm as updt_dtm4_10_,
        member0_.admin_yn as admin_yn5_10_,
        member0_.member_address as member_a6_10_,
        member0_.member_age as member_a7_10_,
        member0_.member_gender as member_g8_10_,
        member0_.member_name as member_n9_10_,
        member0_.member_phone as member_10_10_,
        member0_.member_pw as member_11_10_,
        roleset1_.member_member_email as member_m1_11_0__,
        roleset1_.role_set as role_set2_11_0__ 
    from
        member member0_ 
    left outer join
        member_role_set roleset1_ 
            on member0_.member_email=roleset1_.member_member_email 
    where
        member0_.member_email=?
00:13:15.531+0900 [http-nio-8080-exec-5] TRACE org.hibernate.type.descriptor.sql.BasicBinder -binding parameter [1] as [VARCHAR] - [gkstjfgml@naver.com]
00:13:15.696+0900 [http-nio-8080-exec-5] DEBUG org.springframework.security.web.authentication.session.ChangeSessionIdAuthenticationStrategy -Changed session id from 3A2309CFDC567EF461D5AA1F3720137C
00:13:15.696+0900 [http-nio-8080-exec-5] DEBUG org.springframework.security.web.authentication.UsernamePasswordAuthenticationFilter -Set SecurityContextHolder to UsernamePasswordAuthenticationToken [Principal=MemberDTO(member_email=gkstjfgml@naver.com), Credentials=[PROTECTED], Authenticated=true, Details=WebAuthenticationDetails [RemoteIpAddress=0:0:0:0:0:0:0:1, SessionId=3A2309CFDC567EF461D5AA1F3720137C], Granted Authorities=[ROLE_USER]]
00:13:15.696+0900 [http-nio-8080-exec-5] DEBUG org.springframework.security.web.DefaultRedirectStrategy -Redirecting to http://localhost:8080/review/list
00:13:15.697+0900 [http-nio-8080-exec-5] DEBUG org.springframework.security.web.context.HttpSessionSecurityContextRepository -Stored SecurityContextImpl [Authentication=UsernamePasswordAuthenticationToken [Principal=MemberDTO(member_email=gkstjfgml@naver.com), Credentials=[PROTECTED], Authenticated=true, Details=WebAuthenticationDetails [RemoteIpAddress=0:0:0:0:0:0:0:1, SessionId=3A2309CFDC567EF461D5AA1F3720137C], Granted Authorities=[ROLE_USER]]] to HttpSession [org.apache.catalina.session.StandardSessionFacade@dfdd683]
00:13:15.700+0900 [http-nio-8080-exec-5] DEBUG org.springframework.security.web.context.HttpSessionSecurityContextRepository -Stored SecurityContextImpl [Authentication=UsernamePasswordAuthenticationToken [Principal=MemberDTO(member_email=gkstjfgml@naver.com), Credentials=[PROTECTED], Authenticated=true, Details=WebAuthenticationDetails [RemoteIpAddress=0:0:0:0:0:0:0:1, SessionId=3A2309CFDC567EF461D5AA1F3720137C], Granted Authorities=[ROLE_USER]]] to HttpSession [org.apache.catalina.session.StandardSessionFacade@dfdd683]
00:13:15.700+0900 [http-nio-8080-exec-5] DEBUG org.springframework.security.web.context.SecurityContextPersistenceFilter -Cleared SecurityContextHolder to complete request
00:13:15.707+0900 [http-nio-8080-exec-6] DEBUG org.springframework.security.web.FilterChainProxy -Securing GET /review/list
00:13:15.707+0900 [http-nio-8080-exec-6] DEBUG org.springframework.security.web.context.HttpSessionSecurityContextRepository -Retrieved SecurityContextImpl [Authentication=UsernamePasswordAuthenticationToken [Principal=MemberDTO(member_email=gkstjfgml@naver.com), Credentials=[PROTECTED], Authenticated=true, Details=WebAuthenticationDetails [RemoteIpAddress=0:0:0:0:0:0:0:1, SessionId=3A2309CFDC567EF461D5AA1F3720137C], Granted Authorities=[ROLE_USER]]]
00:13:15.707+0900 [http-nio-8080-exec-6] DEBUG org.springframework.security.web.context.SecurityContextPersistenceFilter -Set SecurityContextHolder to SecurityContextImpl [Authentication=UsernamePasswordAuthenticationToken [Principal=MemberDTO(member_email=gkstjfgml@naver.com), Credentials=[PROTECTED], Authenticated=true, Details=WebAuthenticationDetails [RemoteIpAddress=0:0:0:0:0:0:0:1, SessionId=3A2309CFDC567EF461D5AA1F3720137C], Granted Authorities=[ROLE_USER]]]
00:13:15.707+0900 [http-nio-8080-exec-6] DEBUG org.springframework.security.web.savedrequest.HttpSessionRequestCache -Loaded matching saved request http://localhost:8080/review/list
00:13:15.709+0900 [http-nio-8080-exec-6] DEBUG org.springframework.security.web.access.intercept.FilterSecurityInterceptor -Authorized filter invocation [GET /review/list] with attributes [hasRole('ROLE_USER')]
00:13:15.709+0900 [http-nio-8080-exec-6] DEBUG org.springframework.security.web.FilterChainProxy -Secured GET /review/list
00:13:15.720+0900 [http-nio-8080-exec-6] INFO  kr.co.abandog.service.AbandogAdoptReviewServiceImpl -getList 호출
00:13:15.723+0900 [http-nio-8080-exec-6] INFO  kr.co.abandog.repository.SearchAdoptReviewRepositoryImpl -searchPage 메서드 호출
00:13:15.741+0900 [http-nio-8080-exec-6] ERROR org.hibernate.hql.internal.ast.ErrorTracker - Invalid path: 'review.review_num'
00:13:15.742+0900 [http-nio-8080-exec-6] ERROR org.hibernate.hql.internal.ast.ErrorTracker - Invalid path: 'review.review_num'
org.hibernate.hql.internal.ast.InvalidPathException: Invalid path: 'review.review_num'
	at org.hibernate.hql.internal.ast.util.LiteralProcessor.lookupConstant(LiteralProcessor.java:111) ~[hibernate-core-5.6.4.Final.jar:5.6.4.Final]
	at org.hibernate.hql.internal.ast.tree.DotNode.resolve(DotNode.java:219) ~[hibernate-core-5.6.4.Final.jar:5.6.4.Final]
	at org.hibernate.hql.internal.ast.HqlSqlWalker.resolve(HqlSqlWalker.java:1055) ~[hibernate-core-5.6.4.Final.jar:5.6.4.Final]
	at org.hibernate.hql.internal.antlr.HqlSqlBaseWalker.expr(HqlSqlBaseWalker.java:1308) ~[hibernate-core-5.6.4.Final.jar:5.6.4.Final]
	at org.hibernate.hql.internal.antlr.HqlSqlBaseWalker.orderExpr(HqlSqlBaseWalker.java:1892) ~[hibernate-core-5.6.4.Final.jar:5.6.4.Final]
	at org.hibernate.hql.internal.antlr.HqlSqlBaseWalker.orderExprs(HqlSqlBaseWalker.java:1686) ~[hibernate-core-5.6.4.Final.jar:5.6.4.Final]
	at org.hibernate.hql.internal.antlr.HqlSqlBaseWalker.orderClause(HqlSqlBaseWalker.java:1659) ~[hibernate-core-5.6.4.Final.jar:5.6.4.Final]
	at org.hibernate.hql.internal.antlr.HqlSqlBaseWalker.query(HqlSqlBaseWalker.java:671) ~[hibernate-core-5.6.4.Final.jar:5.6.4.Final]
	at org.hibernate.hql.internal.antlr.HqlSqlBaseWalker.selectStatement(HqlSqlBaseWalker.java:330) ~[hibernate-core-5.6.4.Final.jar:5.6.4.Final]
	at org.hibernate.hql.internal.antlr.HqlSqlBaseWalker.statement(HqlSqlBaseWalker.java:278) ~[hibernate-core-5.6.4.Final.jar:5.6.4.Final]
	at org.hibernate.hql.internal.ast.QueryTranslatorImpl.analyze(QueryTranslatorImpl.java:276) ~[hibernate-core-5.6.4.Final.jar:5.6.4.Final]
	at org.hibernate.hql.internal.ast.QueryTranslatorImpl.doCompile(QueryTranslatorImpl.java:192) ~[hibernate-core-5.6.4.Final.jar:5.6.4.Final]
	at org.hibernate.hql.internal.ast.QueryTranslatorImpl.compile(QueryTranslatorImpl.java:144) ~[hibernate-core-5.6.4.Final.jar:5.6.4.Final]
	at org.hibernate.engine.query.spi.HQLQueryPlan.<init>(HQLQueryPlan.java:113) ~[hibernate-core-5.6.4.Final.jar:5.6.4.Final]
	at org.hibernate.engine.query.spi.HQLQueryPlan.<init>(HQLQueryPlan.java:73) ~[hibernate-core-5.6.4.Final.jar:5.6.4.Final]
	at org.hibernate.engine.query.spi.QueryPlanCache.getHQLQueryPlan(QueryPlanCache.java:162) ~[hibernate-core-5.6.4.Final.jar:5.6.4.Final]
	at org.hibernate.internal.AbstractSharedSessionContract.getQueryPlan(AbstractSharedSessionContract.java:636) ~[hibernate-core-5.6.4.Final.jar:5.6.4.Final]
	at org.hibernate.internal.AbstractSharedSessionContract.createQuery(AbstractSharedSessionContract.java:748) ~[hibernate-core-5.6.4.Final.jar:5.6.4.Final]
	at org.hibernate.internal.AbstractSharedSessionContract.createQuery(AbstractSharedSessionContract.java:114) ~[hibernate-core-5.6.4.Final.jar:5.6.4.Final]
	at jdk.internal.reflect.GeneratedMethodAccessor151.invoke(Unknown Source) ~[?:?]
	at jdk.internal.reflect.DelegatingMethodAccessorImpl.invoke(DelegatingMethodAccessorImpl.java:43) ~[?:?]
	at java.lang.reflect.Method.invoke(Method.java:566) ~[?:?]
	at org.springframework.orm.jpa.ExtendedEntityManagerCreator$ExtendedEntityManagerInvocationHandler.invoke(ExtendedEntityManagerCreator.java:362) ~[spring-orm-5.3.15.jar:5.3.15]
	at com.sun.proxy.$Proxy184.createQuery(Unknown Source) ~[?:?]
	at jdk.internal.reflect.GeneratedMethodAccessor151.invoke(Unknown Source) ~[?:?]
	at jdk.internal.reflect.DelegatingMethodAccessorImpl.invoke(DelegatingMethodAccessorImpl.java:43) ~[?:?]
	at java.lang.reflect.Method.invoke(Method.java:566) ~[?:?]
	at org.springframework.orm.jpa.SharedEntityManagerCreator$SharedEntityManagerInvocationHandler.invoke(SharedEntityManagerCreator.java:311) ~[spring-orm-5.3.15.jar:5.3.15]
	at com.sun.proxy.$Proxy184.createQuery(Unknown Source) ~[?:?]
	at com.querydsl.jpa.impl.AbstractJPAQuery.createQuery(AbstractJPAQuery.java:132) ~[querydsl-jpa-5.0.0.jar:?]
	at com.querydsl.jpa.impl.AbstractJPAQuery.createQuery(AbstractJPAQuery.java:125) ~[querydsl-jpa-5.0.0.jar:?]
	at com.querydsl.jpa.impl.AbstractJPAQuery.fetch(AbstractJPAQuery.java:242) ~[querydsl-jpa-5.0.0.jar:?]
	at kr.co.abandog.repository.SearchAdoptReviewRepositoryImpl.searchPage(SearchAdoptReviewRepositoryImpl.java:98) ~[main/:?]
	at kr.co.abandog.repository.SearchAdoptReviewRepositoryImpl$$FastClassBySpringCGLIB$$799e4141.invoke(<generated>) ~[main/:?]
	at org.springframework.cglib.proxy.MethodProxy.invoke(MethodProxy.java:218) ~[spring-core-5.3.15.jar:5.3.15]
	at org.springframework.aop.framework.CglibAopProxy$CglibMethodInvocation.invokeJoinpoint(CglibAopProxy.java:783) ~[spring-aop-5.3.15.jar:5.3.15]
	at org.springframework.aop.framework.ReflectiveMethodInvocation.proceed(ReflectiveMethodInvocation.java:163) ~[spring-aop-5.3.15.jar:5.3.15]
	at org.springframework.aop.framework.CglibAopProxy$CglibMethodInvocation.proceed(CglibAopProxy.java:753) ~[spring-aop-5.3.15.jar:5.3.15]
	at org.springframework.dao.support.PersistenceExceptionTranslationInterceptor.invoke(PersistenceExceptionTranslationInterceptor.java:137) ~[spring-tx-5.3.15.jar:5.3.15]
	at org.springframework.aop.framework.ReflectiveMethodInvocation.proceed(ReflectiveMethodInvocation.java:186) ~[spring-aop-5.3.15.jar:5.3.15]
	at org.springframework.aop.framework.CglibAopProxy$CglibMethodInvocation.proceed(CglibAopProxy.java:753) ~[spring-aop-5.3.15.jar:5.3.15]
	at org.springframework.aop.framework.CglibAopProxy$DynamicAdvisedInterceptor.intercept(CglibAopProxy.java:698) ~[spring-aop-5.3.15.jar:5.3.15]
	at kr.co.abandog.repository.SearchAdoptReviewRepositoryImpl$$EnhancerBySpringCGLIB$$6b2ae05a.searchPage(<generated>) ~[main/:?]
	at jdk.internal.reflect.NativeMethodAccessorImpl.invoke0(Native Method) ~[?:?]
	at jdk.internal.reflect.NativeMethodAccessorImpl.invoke(NativeMethodAccessorImpl.java:62) ~[?:?]
	at jdk.internal.reflect.DelegatingMethodAccessorImpl.invoke(DelegatingMethodAccessorImpl.java:43) ~[?:?]
	at java.lang.reflect.Method.invoke(Method.java:566) ~[?:?]
	at org.springframework.data.repository.core.support.RepositoryMethodInvoker$RepositoryFragmentMethodInvoker.lambda$new$0(RepositoryMethodInvoker.java:289) ~[spring-data-commons-2.6.1.jar:2.6.1]
	at org.springframework.data.repository.core.support.RepositoryMethodInvoker.doInvoke(RepositoryMethodInvoker.java:137) [spring-data-commons-2.6.1.jar:2.6.1]
	at org.springframework.data.repository.core.support.RepositoryMethodInvoker.invoke(RepositoryMethodInvoker.java:121) [spring-data-commons-2.6.1.jar:2.6.1]
	at org.springframework.data.repository.core.support.RepositoryComposition$RepositoryFragments.invoke(RepositoryComposition.java:529) [spring-data-commons-2.6.1.jar:2.6.1]
	at org.springframework.data.repository.core.support.RepositoryComposition.invoke(RepositoryComposition.java:285) [spring-data-commons-2.6.1.jar:2.6.1]
	at org.springframework.data.repository.core.support.RepositoryFactorySupport$ImplementationMethodExecutionInterceptor.invoke(RepositoryFactorySupport.java:639) [spring-data-commons-2.6.1.jar:2.6.1]
	at org.springframework.aop.framework.ReflectiveMethodInvocation.proceed(ReflectiveMethodInvocation.java:186) [spring-aop-5.3.15.jar:5.3.15]
	at org.springframework.data.repository.core.support.QueryExecutorMethodInterceptor.doInvoke(QueryExecutorMethodInterceptor.java:163) [spring-data-commons-2.6.1.jar:2.6.1]
	at org.springframework.data.repository.core.support.QueryExecutorMethodInterceptor.invoke(QueryExecutorMethodInterceptor.java:138) [spring-data-commons-2.6.1.jar:2.6.1]
	at org.springframework.aop.framework.ReflectiveMethodInvocation.proceed(ReflectiveMethodInvocation.java:186) [spring-aop-5.3.15.jar:5.3.15]
	at org.springframework.data.projection.DefaultMethodInvokingMethodInterceptor.invoke(DefaultMethodInvokingMethodInterceptor.java:80) [spring-data-commons-2.6.1.jar:2.6.1]
	at org.springframework.aop.framework.ReflectiveMethodInvocation.proceed(ReflectiveMethodInvocation.java:186) [spring-aop-5.3.15.jar:5.3.15]
	at org.springframework.transaction.interceptor.TransactionInterceptor$1.proceedWithInvocation(TransactionInterceptor.java:123) [spring-tx-5.3.15.jar:5.3.15]
	at org.springframework.transaction.interceptor.TransactionAspectSupport.invokeWithinTransaction(TransactionAspectSupport.java:388) [spring-tx-5.3.15.jar:5.3.15]
	at org.springframework.transaction.interceptor.TransactionInterceptor.invoke(TransactionInterceptor.java:119) [spring-tx-5.3.15.jar:5.3.15]
	at org.springframework.aop.framework.ReflectiveMethodInvocation.proceed(ReflectiveMethodInvocation.java:186) [spring-aop-5.3.15.jar:5.3.15]
	at org.springframework.dao.support.PersistenceExceptionTranslationInterceptor.invoke(PersistenceExceptionTranslationInterceptor.java:137) [spring-tx-5.3.15.jar:5.3.15]
	at org.springframework.aop.framework.ReflectiveMethodInvocation.proceed(ReflectiveMethodInvocation.java:186) [spring-aop-5.3.15.jar:5.3.15]
	at org.springframework.data.jpa.repository.support.CrudMethodMetadataPostProcessor$CrudMethodMetadataPopulatingMethodInterceptor.invoke(CrudMethodMetadataPostProcessor.java:174) [spring-data-jpa-2.6.1.jar:2.6.1]
	at org.springframework.aop.framework.ReflectiveMethodInvocation.proceed(ReflectiveMethodInvocation.java:186) [spring-aop-5.3.15.jar:5.3.15]
	at org.springframework.aop.interceptor.ExposeInvocationInterceptor.invoke(ExposeInvocationInterceptor.java:97) [spring-aop-5.3.15.jar:5.3.15]
	at org.springframework.aop.framework.ReflectiveMethodInvocation.proceed(ReflectiveMethodInvocation.java:186) [spring-aop-5.3.15.jar:5.3.15]
	at org.springframework.aop.framework.JdkDynamicAopProxy.invoke(JdkDynamicAopProxy.java:215) [spring-aop-5.3.15.jar:5.3.15]
	at com.sun.proxy.$Proxy189.searchPage(Unknown Source) [?:?]
	at kr.co.abandog.service.AbandogAdoptReviewServiceImpl.getList(AbandogAdoptReviewServiceImpl.java:29) [main/:?]
	at kr.co.abandog.controller.ReviewController.adoptreview(ReviewController.java:24) [main/:?]
	at jdk.internal.reflect.NativeMethodAccessorImpl.invoke0(Native Method) ~[?:?]
	at jdk.internal.reflect.NativeMethodAccessorImpl.invoke(NativeMethodAccessorImpl.java:62) ~[?:?]
	at jdk.internal.reflect.DelegatingMethodAccessorImpl.invoke(DelegatingMethodAccessorImpl.java:43) ~[?:?]
	at java.lang.reflect.Method.invoke(Method.java:566) ~[?:?]
	at org.springframework.web.method.support.InvocableHandlerMethod.doInvoke(InvocableHandlerMethod.java:205) [spring-web-5.3.15.jar:5.3.15]
	at org.springframework.web.method.support.InvocableHandlerMethod.invokeForRequest(InvocableHandlerMethod.java:150) [spring-web-5.3.15.jar:5.3.15]
	at org.springframework.web.servlet.mvc.method.annotation.ServletInvocableHandlerMethod.invokeAndHandle(ServletInvocableHandlerMethod.java:117) [spring-webmvc-5.3.15.jar:5.3.15]
	at org.springframework.web.servlet.mvc.method.annotation.RequestMappingHandlerAdapter.invokeHandlerMethod(RequestMappingHandlerAdapter.java:895) [spring-webmvc-5.3.15.jar:5.3.15]
	at org.springframework.web.servlet.mvc.method.annotation.RequestMappingHandlerAdapter.handleInternal(RequestMappingHandlerAdapter.java:808) [spring-webmvc-5.3.15.jar:5.3.15]
	at org.springframework.web.servlet.mvc.method.AbstractHandlerMethodAdapter.handle(AbstractHandlerMethodAdapter.java:87) [spring-webmvc-5.3.15.jar:5.3.15]
	at org.springframework.web.servlet.DispatcherServlet.doDispatch(DispatcherServlet.java:1067) [spring-webmvc-5.3.15.jar:5.3.15]
	at org.springframework.web.servlet.DispatcherServlet.doService(DispatcherServlet.java:963) [spring-webmvc-5.3.15.jar:5.3.15]
	at org.springframework.web.servlet.FrameworkServlet.processRequest(FrameworkServlet.java:1006) [spring-webmvc-5.3.15.jar:5.3.15]
	at org.springframework.web.servlet.FrameworkServlet.doGet(FrameworkServlet.java:898) [spring-webmvc-5.3.15.jar:5.3.15]
	at javax.servlet.http.HttpServlet.service(HttpServlet.java:655) [tomcat-embed-core-9.0.56.jar:4.0.FR]
	at org.springframework.web.servlet.FrameworkServlet.service(FrameworkServlet.java:883) [spring-webmvc-5.3.15.jar:5.3.15]
	at javax.servlet.http.HttpServlet.service(HttpServlet.java:764) [tomcat-embed-core-9.0.56.jar:4.0.FR]
	at org.apache.catalina.core.ApplicationFilterChain.internalDoFilter(ApplicationFilterChain.java:227) [tomcat-embed-core-9.0.56.jar:9.0.56]
	at org.apache.catalina.core.ApplicationFilterChain.doFilter(ApplicationFilterChain.java:162) [tomcat-embed-core-9.0.56.jar:9.0.56]
	at org.apache.tomcat.websocket.server.WsFilter.doFilter(WsFilter.java:53) [tomcat-embed-websocket-9.0.56.jar:9.0.56]
	at org.apache.catalina.core.ApplicationFilterChain.internalDoFilter(ApplicationFilterChain.java:189) [tomcat-embed-core-9.0.56.jar:9.0.56]
	at org.apache.catalina.core.ApplicationFilterChain.doFilter(ApplicationFilterChain.java:162) [tomcat-embed-core-9.0.56.jar:9.0.56]
	at org.springframework.security.web.FilterChainProxy$VirtualFilterChain.doFilter(FilterChainProxy.java:327) [spring-security-web-5.6.1.jar:5.6.1]
	at org.springframework.security.web.access.intercept.FilterSecurityInterceptor.invoke(FilterSecurityInterceptor.java:115) [spring-security-web-5.6.1.jar:5.6.1]
	at org.springframework.security.web.access.intercept.FilterSecurityInterceptor.doFilter(FilterSecurityInterceptor.java:81) [spring-security-web-5.6.1.jar:5.6.1]
	at org.springframework.security.web.FilterChainProxy$VirtualFilterChain.doFilter(FilterChainProxy.java:336) [spring-security-web-5.6.1.jar:5.6.1]
	at org.springframework.security.web.access.ExceptionTranslationFilter.doFilter(ExceptionTranslationFilter.java:122) [spring-security-web-5.6.1.jar:5.6.1]
	at org.springframework.security.web.access.ExceptionTranslationFilter.doFilter(ExceptionTranslationFilter.java:116) [spring-security-web-5.6.1.jar:5.6.1]
	at org.springframework.security.web.FilterChainProxy$VirtualFilterChain.doFilter(FilterChainProxy.java:336) [spring-security-web-5.6.1.jar:5.6.1]
	at org.springframework.security.web.session.SessionManagementFilter.doFilter(SessionManagementFilter.java:126) [spring-security-web-5.6.1.jar:5.6.1]
	at org.springframework.security.web.session.SessionManagementFilter.doFilter(SessionManagementFilter.java:81) [spring-security-web-5.6.1.jar:5.6.1]
	at org.springframework.security.web.FilterChainProxy$VirtualFilterChain.doFilter(FilterChainProxy.java:336) [spring-security-web-5.6.1.jar:5.6.1]
	at org.springframework.security.web.authentication.AnonymousAuthenticationFilter.doFilter(AnonymousAuthenticationFilter.java:109) [spring-security-web-5.6.1.jar:5.6.1]
	at org.springframework.security.web.FilterChainProxy$VirtualFilterChain.doFilter(FilterChainProxy.java:336) [spring-security-web-5.6.1.jar:5.6.1]
	at org.springframework.security.web.servletapi.SecurityContextHolderAwareRequestFilter.doFilter(SecurityContextHolderAwareRequestFilter.java:149) [spring-security-web-5.6.1.jar:5.6.1]
	at org.springframework.security.web.FilterChainProxy$VirtualFilterChain.doFilter(FilterChainProxy.java:336) [spring-security-web-5.6.1.jar:5.6.1]
	at org.springframework.security.web.savedrequest.RequestCacheAwareFilter.doFilter(RequestCacheAwareFilter.java:63) [spring-security-web-5.6.1.jar:5.6.1]
	at org.springframework.security.web.FilterChainProxy$VirtualFilterChain.doFilter(FilterChainProxy.java:336) [spring-security-web-5.6.1.jar:5.6.1]
	at org.springframework.security.web.authentication.AbstractAuthenticationProcessingFilter.doFilter(AbstractAuthenticationProcessingFilter.java:219) [spring-security-web-5.6.1.jar:5.6.1]
	at org.springframework.security.web.authentication.AbstractAuthenticationProcessingFilter.doFilter(AbstractAuthenticationProcessingFilter.java:213) [spring-security-web-5.6.1.jar:5.6.1]
	at org.springframework.security.web.FilterChainProxy$VirtualFilterChain.doFilter(FilterChainProxy.java:336) [spring-security-web-5.6.1.jar:5.6.1]
	at org.springframework.security.web.authentication.logout.LogoutFilter.doFilter(LogoutFilter.java:103) [spring-security-web-5.6.1.jar:5.6.1]
	at org.springframework.security.web.authentication.logout.LogoutFilter.doFilter(LogoutFilter.java:89) [spring-security-web-5.6.1.jar:5.6.1]
	at org.springframework.security.web.FilterChainProxy$VirtualFilterChain.doFilter(FilterChainProxy.java:336) [spring-security-web-5.6.1.jar:5.6.1]
	at org.springframework.security.web.header.HeaderWriterFilter.doHeadersAfter(HeaderWriterFilter.java:90) [spring-security-web-5.6.1.jar:5.6.1]
	at org.springframework.security.web.header.HeaderWriterFilter.doFilterInternal(HeaderWriterFilter.java:75) [spring-security-web-5.6.1.jar:5.6.1]
	at org.springframework.web.filter.OncePerRequestFilter.doFilter(OncePerRequestFilter.java:117) [spring-web-5.3.15.jar:5.3.15]
	at org.springframework.security.web.FilterChainProxy$VirtualFilterChain.doFilter(FilterChainProxy.java:336) [spring-security-web-5.6.1.jar:5.6.1]
	at org.springframework.security.web.context.SecurityContextPersistenceFilter.doFilter(SecurityContextPersistenceFilter.java:110) [spring-security-web-5.6.1.jar:5.6.1]
	at org.springframework.security.web.context.SecurityContextPersistenceFilter.doFilter(SecurityContextPersistenceFilter.java:80) [spring-security-web-5.6.1.jar:5.6.1]
	at org.springframework.security.web.FilterChainProxy$VirtualFilterChain.doFilter(FilterChainProxy.java:336) [spring-security-web-5.6.1.jar:5.6.1]
	at org.springframework.security.web.context.request.async.WebAsyncManagerIntegrationFilter.doFilterInternal(WebAsyncManagerIntegrationFilter.java:55) [spring-security-web-5.6.1.jar:5.6.1]
	at org.springframework.web.filter.OncePerRequestFilter.doFilter(OncePerRequestFilter.java:117) [spring-web-5.3.15.jar:5.3.15]
	at org.springframework.security.web.FilterChainProxy$VirtualFilterChain.doFilter(FilterChainProxy.java:336) [spring-security-web-5.6.1.jar:5.6.1]
	at org.springframework.security.web.FilterChainProxy.doFilterInternal(FilterChainProxy.java:211) [spring-security-web-5.6.1.jar:5.6.1]
	at org.springframework.security.web.FilterChainProxy.doFilter(FilterChainProxy.java:183) [spring-security-web-5.6.1.jar:5.6.1]
	at org.springframework.web.filter.DelegatingFilterProxy.invokeDelegate(DelegatingFilterProxy.java:354) [spring-web-5.3.15.jar:5.3.15]
	at org.springframework.web.filter.DelegatingFilterProxy.doFilter(DelegatingFilterProxy.java:267) [spring-web-5.3.15.jar:5.3.15]
	at org.apache.catalina.core.ApplicationFilterChain.internalDoFilter(ApplicationFilterChain.java:189) [tomcat-embed-core-9.0.56.jar:9.0.56]
	at org.apache.catalina.core.ApplicationFilterChain.doFilter(ApplicationFilterChain.java:162) [tomcat-embed-core-9.0.56.jar:9.0.56]
	at org.springframework.web.filter.RequestContextFilter.doFilterInternal(RequestContextFilter.java:100) [spring-web-5.3.15.jar:5.3.15]
	at org.springframework.web.filter.OncePerRequestFilter.doFilter(OncePerRequestFilter.java:117) [spring-web-5.3.15.jar:5.3.15]
	at org.apache.catalina.core.ApplicationFilterChain.internalDoFilter(ApplicationFilterChain.java:189) [tomcat-embed-core-9.0.56.jar:9.0.56]
	at org.apache.catalina.core.ApplicationFilterChain.doFilter(ApplicationFilterChain.java:162) [tomcat-embed-core-9.0.56.jar:9.0.56]
	at org.springframework.web.filter.FormContentFilter.doFilterInternal(FormContentFilter.java:93) [spring-web-5.3.15.jar:5.3.15]
	at org.springframework.web.filter.OncePerRequestFilter.doFilter(OncePerRequestFilter.java:117) [spring-web-5.3.15.jar:5.3.15]
	at org.apache.catalina.core.ApplicationFilterChain.internalDoFilter(ApplicationFilterChain.java:189) [tomcat-embed-core-9.0.56.jar:9.0.56]
	at org.apache.catalina.core.ApplicationFilterChain.doFilter(ApplicationFilterChain.java:162) [tomcat-embed-core-9.0.56.jar:9.0.56]
	at org.springframework.web.filter.CharacterEncodingFilter.doFilterInternal(CharacterEncodingFilter.java:201) [spring-web-5.3.15.jar:5.3.15]
	at org.springframework.web.filter.OncePerRequestFilter.doFilter(OncePerRequestFilter.java:117) [spring-web-5.3.15.jar:5.3.15]
	at org.apache.catalina.core.ApplicationFilterChain.internalDoFilter(ApplicationFilterChain.java:189) [tomcat-embed-core-9.0.56.jar:9.0.56]
	at org.apache.catalina.core.ApplicationFilterChain.doFilter(ApplicationFilterChain.java:162) [tomcat-embed-core-9.0.56.jar:9.0.56]
	at org.apache.catalina.core.StandardWrapperValve.invoke(StandardWrapperValve.java:197) [tomcat-embed-core-9.0.56.jar:9.0.56]
	at org.apache.catalina.core.StandardContextValve.invoke(StandardContextValve.java:97) [tomcat-embed-core-9.0.56.jar:9.0.56]
	at org.apache.catalina.authenticator.AuthenticatorBase.invoke(AuthenticatorBase.java:540) [tomcat-embed-core-9.0.56.jar:9.0.56]
	at org.apache.catalina.core.StandardHostValve.invoke(StandardHostValve.java:135) [tomcat-embed-core-9.0.56.jar:9.0.56]
	at org.apache.catalina.valves.ErrorReportValve.invoke(ErrorReportValve.java:92) [tomcat-embed-core-9.0.56.jar:9.0.56]
	at org.apache.catalina.core.StandardEngineValve.invoke(StandardEngineValve.java:78) [tomcat-embed-core-9.0.56.jar:9.0.56]
	at org.apache.catalina.connector.CoyoteAdapter.service(CoyoteAdapter.java:357) [tomcat-embed-core-9.0.56.jar:9.0.56]
	at org.apache.coyote.http11.Http11Processor.service(Http11Processor.java:382) [tomcat-embed-core-9.0.56.jar:9.0.56]
	at org.apache.coyote.AbstractProcessorLight.process(AbstractProcessorLight.java:65) [tomcat-embed-core-9.0.56.jar:9.0.56]
	at org.apache.coyote.AbstractProtocol$ConnectionHandler.process(AbstractProtocol.java:895) [tomcat-embed-core-9.0.56.jar:9.0.56]
	at org.apache.tomcat.util.net.NioEndpoint$SocketProcessor.doRun(NioEndpoint.java:1732) [tomcat-embed-core-9.0.56.jar:9.0.56]
	at org.apache.tomcat.util.net.SocketProcessorBase.run(SocketProcessorBase.java:49) [tomcat-embed-core-9.0.56.jar:9.0.56]
	at org.apache.tomcat.util.threads.ThreadPoolExecutor.runWorker(ThreadPoolExecutor.java:1191) [tomcat-embed-core-9.0.56.jar:9.0.56]
	at org.apache.tomcat.util.threads.ThreadPoolExecutor$Worker.run(ThreadPoolExecutor.java:659) [tomcat-embed-core-9.0.56.jar:9.0.56]
	at org.apache.tomcat.util.threads.TaskThread$WrappingRunnable.run(TaskThread.java:61) [tomcat-embed-core-9.0.56.jar:9.0.56]
	at java.lang.Thread.run(Thread.java:834) [?:?]
00:13:15.776+0900 [http-nio-8080-exec-6] DEBUG org.springframework.security.web.context.SecurityContextPersistenceFilter -Cleared SecurityContextHolder to complete request
00:13:15.783+0900 [http-nio-8080-exec-6] ERROR org.apache.catalina.core.ContainerBase.[Tomcat].[localhost].[/].[dispatcherServlet] -Servlet.service() for servlet [dispatcherServlet] in context with path [] threw exception [Request processing failed; nested exception is org.springframework.dao.InvalidDataAccessApiUsageException: org.hibernate.QueryException: No data type for node: org.hibernate.hql.internal.ast.tree.IdentNode 
 \-[IDENT] IdentNode: 'member1' {originalText=member1}
 [select abandogAdoptReview, member1
from kr.co.abandog.entity.AbandogAdoptReview abandogAdoptReview
where abandogAdoptReview.review_num > ?1
group by abandogAdoptReview
order by review.review_num desc]; nested exception is java.lang.IllegalArgumentException: org.hibernate.QueryException: No data type for node: org.hibernate.hql.internal.ast.tree.IdentNode 
 \-[IDENT] IdentNode: 'member1' {originalText=member1}
 [select abandogAdoptReview, member1
from kr.co.abandog.entity.AbandogAdoptReview abandogAdoptReview
where abandogAdoptReview.review_num > ?1
group by abandogAdoptReview
order by review.review_num desc]] with root cause
org.hibernate.QueryException: No data type for node: org.hibernate.hql.internal.ast.tree.IdentNode 
 \-[IDENT] IdentNode: 'member1' {originalText=member1}

	at org.hibernate.hql.internal.ast.tree.SelectClause.initializeExplicitSelectClause(SelectClause.java:161) ~[hibernate-core-5.6.4.Final.jar:5.6.4.Final]
	at org.hibernate.hql.internal.ast.HqlSqlWalker.useSelectClause(HqlSqlWalker.java:1028) ~[hibernate-core-5.6.4.Final.jar:5.6.4.Final]
	at org.hibernate.hql.internal.ast.HqlSqlWalker.processQuery(HqlSqlWalker.java:796) ~[hibernate-core-5.6.4.Final.jar:5.6.4.Final]
	at org.hibernate.hql.internal.antlr.HqlSqlBaseWalker.query(HqlSqlBaseWalker.java:694) ~[hibernate-core-5.6.4.Final.jar:5.6.4.Final]
	at org.hibernate.hql.internal.antlr.HqlSqlBaseWalker.selectStatement(HqlSqlBaseWalker.java:330) ~[hibernate-core-5.6.4.Final.jar:5.6.4.Final]
	at org.hibernate.hql.internal.antlr.HqlSqlBaseWalker.statement(HqlSqlBaseWalker.java:278) ~[hibernate-core-5.6.4.Final.jar:5.6.4.Final]
	at org.hibernate.hql.internal.ast.QueryTranslatorImpl.analyze(QueryTranslatorImpl.java:276) ~[hibernate-core-5.6.4.Final.jar:5.6.4.Final]
	at org.hibernate.hql.internal.ast.QueryTranslatorImpl.doCompile(QueryTranslatorImpl.java:192) ~[hibernate-core-5.6.4.Final.jar:5.6.4.Final]
	at org.hibernate.hql.internal.ast.QueryTranslatorImpl.compile(QueryTranslatorImpl.java:144) ~[hibernate-core-5.6.4.Final.jar:5.6.4.Final]
	at org.hibernate.engine.query.spi.HQLQueryPlan.<init>(HQLQueryPlan.java:113) ~[hibernate-core-5.6.4.Final.jar:5.6.4.Final]
	at org.hibernate.engine.query.spi.HQLQueryPlan.<init>(HQLQueryPlan.java:73) ~[hibernate-core-5.6.4.Final.jar:5.6.4.Final]
	at org.hibernate.engine.query.spi.QueryPlanCache.getHQLQueryPlan(QueryPlanCache.java:162) ~[hibernate-core-5.6.4.Final.jar:5.6.4.Final]
	at org.hibernate.internal.AbstractSharedSessionContract.getQueryPlan(AbstractSharedSessionContract.java:636) ~[hibernate-core-5.6.4.Final.jar:5.6.4.Final]
	at org.hibernate.internal.AbstractSharedSessionContract.createQuery(AbstractSharedSessionContract.java:748) ~[hibernate-core-5.6.4.Final.jar:5.6.4.Final]
	at org.hibernate.internal.AbstractSharedSessionContract.createQuery(AbstractSharedSessionContract.java:114) ~[hibernate-core-5.6.4.Final.jar:5.6.4.Final]
	at jdk.internal.reflect.GeneratedMethodAccessor151.invoke(Unknown Source) ~[?:?]
	at jdk.internal.reflect.DelegatingMethodAccessorImpl.invoke(DelegatingMethodAccessorImpl.java:43) ~[?:?]
	at java.lang.reflect.Method.invoke(Method.java:566) ~[?:?]
	at org.springframework.orm.jpa.ExtendedEntityManagerCreator$ExtendedEntityManagerInvocationHandler.invoke(ExtendedEntityManagerCreator.java:362) ~[spring-orm-5.3.15.jar:5.3.15]
	at com.sun.proxy.$Proxy184.createQuery(Unknown Source) ~[?:?]
	at jdk.internal.reflect.GeneratedMethodAccessor151.invoke(Unknown Source) ~[?:?]
	at jdk.internal.reflect.DelegatingMethodAccessorImpl.invoke(DelegatingMethodAccessorImpl.java:43) ~[?:?]
	at java.lang.reflect.Method.invoke(Method.java:566) ~[?:?]
	at org.springframework.orm.jpa.SharedEntityManagerCreator$SharedEntityManagerInvocationHandler.invoke(SharedEntityManagerCreator.java:311) ~[spring-orm-5.3.15.jar:5.3.15]
	at com.sun.proxy.$Proxy184.createQuery(Unknown Source) ~[?:?]
	at com.querydsl.jpa.impl.AbstractJPAQuery.createQuery(AbstractJPAQuery.java:132) ~[querydsl-jpa-5.0.0.jar:?]
	at com.querydsl.jpa.impl.AbstractJPAQuery.createQuery(AbstractJPAQuery.java:125) ~[querydsl-jpa-5.0.0.jar:?]
	at com.querydsl.jpa.impl.AbstractJPAQuery.fetch(AbstractJPAQuery.java:242) ~[querydsl-jpa-5.0.0.jar:?]
	at kr.co.abandog.repository.SearchAdoptReviewRepositoryImpl.searchPage(SearchAdoptReviewRepositoryImpl.java:98) ~[main/:?]
	at kr.co.abandog.repository.SearchAdoptReviewRepositoryImpl$$FastClassBySpringCGLIB$$799e4141.invoke(<generated>) ~[main/:?]
	at org.springframework.cglib.proxy.MethodProxy.invoke(MethodProxy.java:218) ~[spring-core-5.3.15.jar:5.3.15]
	at org.springframework.aop.framework.CglibAopProxy$CglibMethodInvocation.invokeJoinpoint(CglibAopProxy.java:783) ~[spring-aop-5.3.15.jar:5.3.15]
	at org.springframework.aop.framework.ReflectiveMethodInvocation.proceed(ReflectiveMethodInvocation.java:163) ~[spring-aop-5.3.15.jar:5.3.15]
	at org.springframework.aop.framework.CglibAopProxy$CglibMethodInvocation.proceed(CglibAopProxy.java:753) ~[spring-aop-5.3.15.jar:5.3.15]
	at org.springframework.dao.support.PersistenceExceptionTranslationInterceptor.invoke(PersistenceExceptionTranslationInterceptor.java:137) ~[spring-tx-5.3.15.jar:5.3.15]
	at org.springframework.aop.framework.ReflectiveMethodInvocation.proceed(ReflectiveMethodInvocation.java:186) ~[spring-aop-5.3.15.jar:5.3.15]
	at org.springframework.aop.framework.CglibAopProxy$CglibMethodInvocation.proceed(CglibAopProxy.java:753) ~[spring-aop-5.3.15.jar:5.3.15]
	at org.springframework.aop.framework.CglibAopProxy$DynamicAdvisedInterceptor.intercept(CglibAopProxy.java:698) ~[spring-aop-5.3.15.jar:5.3.15]
	at kr.co.abandog.repository.SearchAdoptReviewRepositoryImpl$$EnhancerBySpringCGLIB$$6b2ae05a.searchPage(<generated>) ~[main/:?]
	at jdk.internal.reflect.NativeMethodAccessorImpl.invoke0(Native Method) ~[?:?]
	at jdk.internal.reflect.NativeMethodAccessorImpl.invoke(NativeMethodAccessorImpl.java:62) ~[?:?]
	at jdk.internal.reflect.DelegatingMethodAccessorImpl.invoke(DelegatingMethodAccessorImpl.java:43) ~[?:?]
	at java.lang.reflect.Method.invoke(Method.java:566) ~[?:?]
	at org.springframework.data.repository.core.support.RepositoryMethodInvoker$RepositoryFragmentMethodInvoker.lambda$new$0(RepositoryMethodInvoker.java:289) ~[spring-data-commons-2.6.1.jar:2.6.1]
	at org.springframework.data.repository.core.support.RepositoryMethodInvoker.doInvoke(RepositoryMethodInvoker.java:137) ~[spring-data-commons-2.6.1.jar:2.6.1]
	at org.springframework.data.repository.core.support.RepositoryMethodInvoker.invoke(RepositoryMethodInvoker.java:121) ~[spring-data-commons-2.6.1.jar:2.6.1]
	at org.springframework.data.repository.core.support.RepositoryComposition$RepositoryFragments.invoke(RepositoryComposition.java:529) ~[spring-data-commons-2.6.1.jar:2.6.1]
	at org.springframework.data.repository.core.support.RepositoryComposition.invoke(RepositoryComposition.java:285) ~[spring-data-commons-2.6.1.jar:2.6.1]
	at org.springframework.data.repository.core.support.RepositoryFactorySupport$ImplementationMethodExecutionInterceptor.invoke(RepositoryFactorySupport.java:639) ~[spring-data-commons-2.6.1.jar:2.6.1]
	at org.springframework.aop.framework.ReflectiveMethodInvocation.proceed(ReflectiveMethodInvocation.java:186) ~[spring-aop-5.3.15.jar:5.3.15]
	at org.springframework.data.repository.core.support.QueryExecutorMethodInterceptor.doInvoke(QueryExecutorMethodInterceptor.java:163) ~[spring-data-commons-2.6.1.jar:2.6.1]
	at org.springframework.data.repository.core.support.QueryExecutorMethodInterceptor.invoke(QueryExecutorMethodInterceptor.java:138) ~[spring-data-commons-2.6.1.jar:2.6.1]
	at org.springframework.aop.framework.ReflectiveMethodInvocation.proceed(ReflectiveMethodInvocation.java:186) ~[spring-aop-5.3.15.jar:5.3.15]
	at org.springframework.data.projection.DefaultMethodInvokingMethodInterceptor.invoke(DefaultMethodInvokingMethodInterceptor.java:80) ~[spring-data-commons-2.6.1.jar:2.6.1]
	at org.springframework.aop.framework.ReflectiveMethodInvocation.proceed(ReflectiveMethodInvocation.java:186) ~[spring-aop-5.3.15.jar:5.3.15]
	at org.springframework.transaction.interceptor.TransactionInterceptor$1.proceedWithInvocation(TransactionInterceptor.java:123) ~[spring-tx-5.3.15.jar:5.3.15]
	at org.springframework.transaction.interceptor.TransactionAspectSupport.invokeWithinTransaction(TransactionAspectSupport.java:388) ~[spring-tx-5.3.15.jar:5.3.15]
	at org.springframework.transaction.interceptor.TransactionInterceptor.invoke(TransactionInterceptor.java:119) ~[spring-tx-5.3.15.jar:5.3.15]
	at org.springframework.aop.framework.ReflectiveMethodInvocation.proceed(ReflectiveMethodInvocation.java:186) ~[spring-aop-5.3.15.jar:5.3.15]
	at org.springframework.dao.support.PersistenceExceptionTranslationInterceptor.invoke(PersistenceExceptionTranslationInterceptor.java:137) ~[spring-tx-5.3.15.jar:5.3.15]
	at org.springframework.aop.framework.ReflectiveMethodInvocation.proceed(ReflectiveMethodInvocation.java:186) ~[spring-aop-5.3.15.jar:5.3.15]
	at org.springframework.data.jpa.repository.support.CrudMethodMetadataPostProcessor$CrudMethodMetadataPopulatingMethodInterceptor.invoke(CrudMethodMetadataPostProcessor.java:174) ~[spring-data-jpa-2.6.1.jar:2.6.1]
	at org.springframework.aop.framework.ReflectiveMethodInvocation.proceed(ReflectiveMethodInvocation.java:186) ~[spring-aop-5.3.15.jar:5.3.15]
	at org.springframework.aop.interceptor.ExposeInvocationInterceptor.invoke(ExposeInvocationInterceptor.java:97) ~[spring-aop-5.3.15.jar:5.3.15]
	at org.springframework.aop.framework.ReflectiveMethodInvocation.proceed(ReflectiveMethodInvocation.java:186) ~[spring-aop-5.3.15.jar:5.3.15]
	at org.springframework.aop.framework.JdkDynamicAopProxy.invoke(JdkDynamicAopProxy.java:215) ~[spring-aop-5.3.15.jar:5.3.15]
	at com.sun.proxy.$Proxy189.searchPage(Unknown Source) ~[?:?]
	at kr.co.abandog.service.AbandogAdoptReviewServiceImpl.getList(AbandogAdoptReviewServiceImpl.java:29) ~[main/:?]
	at kr.co.abandog.controller.ReviewController.adoptreview(ReviewController.java:24) ~[main/:?]
	at jdk.internal.reflect.NativeMethodAccessorImpl.invoke0(Native Method) ~[?:?]
	at jdk.internal.reflect.NativeMethodAccessorImpl.invoke(NativeMethodAccessorImpl.java:62) ~[?:?]
	at jdk.internal.reflect.DelegatingMethodAccessorImpl.invoke(DelegatingMethodAccessorImpl.java:43) ~[?:?]
	at java.lang.reflect.Method.invoke(Method.java:566) ~[?:?]
	at org.springframework.web.method.support.InvocableHandlerMethod.doInvoke(InvocableHandlerMethod.java:205) ~[spring-web-5.3.15.jar:5.3.15]
	at org.springframework.web.method.support.InvocableHandlerMethod.invokeForRequest(InvocableHandlerMethod.java:150) ~[spring-web-5.3.15.jar:5.3.15]
	at org.springframework.web.servlet.mvc.method.annotation.ServletInvocableHandlerMethod.invokeAndHandle(ServletInvocableHandlerMethod.java:117) ~[spring-webmvc-5.3.15.jar:5.3.15]
	at org.springframework.web.servlet.mvc.method.annotation.RequestMappingHandlerAdapter.invokeHandlerMethod(RequestMappingHandlerAdapter.java:895) ~[spring-webmvc-5.3.15.jar:5.3.15]
	at org.springframework.web.servlet.mvc.method.annotation.RequestMappingHandlerAdapter.handleInternal(RequestMappingHandlerAdapter.java:808) ~[spring-webmvc-5.3.15.jar:5.3.15]
	at org.springframework.web.servlet.mvc.method.AbstractHandlerMethodAdapter.handle(AbstractHandlerMethodAdapter.java:87) ~[spring-webmvc-5.3.15.jar:5.3.15]
	at org.springframework.web.servlet.DispatcherServlet.doDispatch(DispatcherServlet.java:1067) ~[spring-webmvc-5.3.15.jar:5.3.15]
	at org.springframework.web.servlet.DispatcherServlet.doService(DispatcherServlet.java:963) ~[spring-webmvc-5.3.15.jar:5.3.15]
	at org.springframework.web.servlet.FrameworkServlet.processRequest(FrameworkServlet.java:1006) ~[spring-webmvc-5.3.15.jar:5.3.15]
	at org.springframework.web.servlet.FrameworkServlet.doGet(FrameworkServlet.java:898) ~[spring-webmvc-5.3.15.jar:5.3.15]
	at javax.servlet.http.HttpServlet.service(HttpServlet.java:655) ~[tomcat-embed-core-9.0.56.jar:4.0.FR]
	at org.springframework.web.servlet.FrameworkServlet.service(FrameworkServlet.java:883) ~[spring-webmvc-5.3.15.jar:5.3.15]
	at javax.servlet.http.HttpServlet.service(HttpServlet.java:764) ~[tomcat-embed-core-9.0.56.jar:4.0.FR]
	at org.apache.catalina.core.ApplicationFilterChain.internalDoFilter(ApplicationFilterChain.java:227) ~[tomcat-embed-core-9.0.56.jar:9.0.56]
	at org.apache.catalina.core.ApplicationFilterChain.doFilter(ApplicationFilterChain.java:162) ~[tomcat-embed-core-9.0.56.jar:9.0.56]
	at org.apache.tomcat.websocket.server.WsFilter.doFilter(WsFilter.java:53) ~[tomcat-embed-websocket-9.0.56.jar:9.0.56]
	at org.apache.catalina.core.ApplicationFilterChain.internalDoFilter(ApplicationFilterChain.java:189) ~[tomcat-embed-core-9.0.56.jar:9.0.56]
	at org.apache.catalina.core.ApplicationFilterChain.doFilter(ApplicationFilterChain.java:162) ~[tomcat-embed-core-9.0.56.jar:9.0.56]
	at org.springframework.security.web.FilterChainProxy$VirtualFilterChain.doFilter(FilterChainProxy.java:327) ~[spring-security-web-5.6.1.jar:5.6.1]
	at org.springframework.security.web.access.intercept.FilterSecurityInterceptor.invoke(FilterSecurityInterceptor.java:115) ~[spring-security-web-5.6.1.jar:5.6.1]
	at org.springframework.security.web.access.intercept.FilterSecurityInterceptor.doFilter(FilterSecurityInterceptor.java:81) ~[spring-security-web-5.6.1.jar:5.6.1]
	at org.springframework.security.web.FilterChainProxy$VirtualFilterChain.doFilter(FilterChainProxy.java:336) ~[spring-security-web-5.6.1.jar:5.6.1]
	at org.springframework.security.web.access.ExceptionTranslationFilter.doFilter(ExceptionTranslationFilter.java:122) ~[spring-security-web-5.6.1.jar:5.6.1]
	at org.springframework.security.web.access.ExceptionTranslationFilter.doFilter(ExceptionTranslationFilter.java:116) ~[spring-security-web-5.6.1.jar:5.6.1]
	at org.springframework.security.web.FilterChainProxy$VirtualFilterChain.doFilter(FilterChainProxy.java:336) ~[spring-security-web-5.6.1.jar:5.6.1]
	at org.springframework.security.web.session.SessionManagementFilter.doFilter(SessionManagementFilter.java:126) ~[spring-security-web-5.6.1.jar:5.6.1]
	at org.springframework.security.web.session.SessionManagementFilter.doFilter(SessionManagementFilter.java:81) ~[spring-security-web-5.6.1.jar:5.6.1]
	at org.springframework.security.web.FilterChainProxy$VirtualFilterChain.doFilter(FilterChainProxy.java:336) ~[spring-security-web-5.6.1.jar:5.6.1]
	at org.springframework.security.web.authentication.AnonymousAuthenticationFilter.doFilter(AnonymousAuthenticationFilter.java:109) ~[spring-security-web-5.6.1.jar:5.6.1]
	at org.springframework.security.web.FilterChainProxy$VirtualFilterChain.doFilter(FilterChainProxy.java:336) ~[spring-security-web-5.6.1.jar:5.6.1]
	at org.springframework.security.web.servletapi.SecurityContextHolderAwareRequestFilter.doFilter(SecurityContextHolderAwareRequestFilter.java:149) ~[spring-security-web-5.6.1.jar:5.6.1]
	at org.springframework.security.web.FilterChainProxy$VirtualFilterChain.doFilter(FilterChainProxy.java:336) ~[spring-security-web-5.6.1.jar:5.6.1]
	at org.springframework.security.web.savedrequest.RequestCacheAwareFilter.doFilter(RequestCacheAwareFilter.java:63) ~[spring-security-web-5.6.1.jar:5.6.1]
	at org.springframework.security.web.FilterChainProxy$VirtualFilterChain.doFilter(FilterChainProxy.java:336) ~[spring-security-web-5.6.1.jar:5.6.1]
	at org.springframework.security.web.authentication.AbstractAuthenticationProcessingFilter.doFilter(AbstractAuthenticationProcessingFilter.java:219) ~[spring-security-web-5.6.1.jar:5.6.1]
	at org.springframework.security.web.authentication.AbstractAuthenticationProcessingFilter.doFilter(AbstractAuthenticationProcessingFilter.java:213) ~[spring-security-web-5.6.1.jar:5.6.1]
	at org.springframework.security.web.FilterChainProxy$VirtualFilterChain.doFilter(FilterChainProxy.java:336) ~[spring-security-web-5.6.1.jar:5.6.1]
	at org.springframework.security.web.authentication.logout.LogoutFilter.doFilter(LogoutFilter.java:103) ~[spring-security-web-5.6.1.jar:5.6.1]
	at org.springframework.security.web.authentication.logout.LogoutFilter.doFilter(LogoutFilter.java:89) ~[spring-security-web-5.6.1.jar:5.6.1]
	at org.springframework.security.web.FilterChainProxy$VirtualFilterChain.doFilter(FilterChainProxy.java:336) ~[spring-security-web-5.6.1.jar:5.6.1]
	at org.springframework.security.web.header.HeaderWriterFilter.doHeadersAfter(HeaderWriterFilter.java:90) ~[spring-security-web-5.6.1.jar:5.6.1]
	at org.springframework.security.web.header.HeaderWriterFilter.doFilterInternal(HeaderWriterFilter.java:75) ~[spring-security-web-5.6.1.jar:5.6.1]
	at org.springframework.web.filter.OncePerRequestFilter.doFilter(OncePerRequestFilter.java:117) ~[spring-web-5.3.15.jar:5.3.15]
	at org.springframework.security.web.FilterChainProxy$VirtualFilterChain.doFilter(FilterChainProxy.java:336) ~[spring-security-web-5.6.1.jar:5.6.1]
	at org.springframework.security.web.context.SecurityContextPersistenceFilter.doFilter(SecurityContextPersistenceFilter.java:110) ~[spring-security-web-5.6.1.jar:5.6.1]
	at org.springframework.security.web.context.SecurityContextPersistenceFilter.doFilter(SecurityContextPersistenceFilter.java:80) ~[spring-security-web-5.6.1.jar:5.6.1]
	at org.springframework.security.web.FilterChainProxy$VirtualFilterChain.doFilter(FilterChainProxy.java:336) ~[spring-security-web-5.6.1.jar:5.6.1]
	at org.springframework.security.web.context.request.async.WebAsyncManagerIntegrationFilter.doFilterInternal(WebAsyncManagerIntegrationFilter.java:55) ~[spring-security-web-5.6.1.jar:5.6.1]
	at org.springframework.web.filter.OncePerRequestFilter.doFilter(OncePerRequestFilter.java:117) ~[spring-web-5.3.15.jar:5.3.15]
	at org.springframework.security.web.FilterChainProxy$VirtualFilterChain.doFilter(FilterChainProxy.java:336) ~[spring-security-web-5.6.1.jar:5.6.1]
	at org.springframework.security.web.FilterChainProxy.doFilterInternal(FilterChainProxy.java:211) ~[spring-security-web-5.6.1.jar:5.6.1]
	at org.springframework.security.web.FilterChainProxy.doFilter(FilterChainProxy.java:183) ~[spring-security-web-5.6.1.jar:5.6.1]
	at org.springframework.web.filter.DelegatingFilterProxy.invokeDelegate(DelegatingFilterProxy.java:354) ~[spring-web-5.3.15.jar:5.3.15]
	at org.springframework.web.filter.DelegatingFilterProxy.doFilter(DelegatingFilterProxy.java:267) ~[spring-web-5.3.15.jar:5.3.15]
	at org.apache.catalina.core.ApplicationFilterChain.internalDoFilter(ApplicationFilterChain.java:189) ~[tomcat-embed-core-9.0.56.jar:9.0.56]
	at org.apache.catalina.core.ApplicationFilterChain.doFilter(ApplicationFilterChain.java:162) ~[tomcat-embed-core-9.0.56.jar:9.0.56]
	at org.springframework.web.filter.RequestContextFilter.doFilterInternal(RequestContextFilter.java:100) ~[spring-web-5.3.15.jar:5.3.15]
	at org.springframework.web.filter.OncePerRequestFilter.doFilter(OncePerRequestFilter.java:117) ~[spring-web-5.3.15.jar:5.3.15]
	at org.apache.catalina.core.ApplicationFilterChain.internalDoFilter(ApplicationFilterChain.java:189) ~[tomcat-embed-core-9.0.56.jar:9.0.56]
	at org.apache.catalina.core.ApplicationFilterChain.doFilter(ApplicationFilterChain.java:162) ~[tomcat-embed-core-9.0.56.jar:9.0.56]
	at org.springframework.web.filter.FormContentFilter.doFilterInternal(FormContentFilter.java:93) ~[spring-web-5.3.15.jar:5.3.15]
	at org.springframework.web.filter.OncePerRequestFilter.doFilter(OncePerRequestFilter.java:117) ~[spring-web-5.3.15.jar:5.3.15]
	at org.apache.catalina.core.ApplicationFilterChain.internalDoFilter(ApplicationFilterChain.java:189) ~[tomcat-embed-core-9.0.56.jar:9.0.56]
	at org.apache.catalina.core.ApplicationFilterChain.doFilter(ApplicationFilterChain.java:162) ~[tomcat-embed-core-9.0.56.jar:9.0.56]
	at org.springframework.web.filter.CharacterEncodingFilter.doFilterInternal(CharacterEncodingFilter.java:201) ~[spring-web-5.3.15.jar:5.3.15]
	at org.springframework.web.filter.OncePerRequestFilter.doFilter(OncePerRequestFilter.java:117) ~[spring-web-5.3.15.jar:5.3.15]
	at org.apache.catalina.core.ApplicationFilterChain.internalDoFilter(ApplicationFilterChain.java:189) ~[tomcat-embed-core-9.0.56.jar:9.0.56]
	at org.apache.catalina.core.ApplicationFilterChain.doFilter(ApplicationFilterChain.java:162) ~[tomcat-embed-core-9.0.56.jar:9.0.56]
	at org.apache.catalina.core.StandardWrapperValve.invoke(StandardWrapperValve.java:197) [tomcat-embed-core-9.0.56.jar:9.0.56]
	at org.apache.catalina.core.StandardContextValve.invoke(StandardContextValve.java:97) [tomcat-embed-core-9.0.56.jar:9.0.56]
	at org.apache.catalina.authenticator.AuthenticatorBase.invoke(AuthenticatorBase.java:540) [tomcat-embed-core-9.0.56.jar:9.0.56]
	at org.apache.catalina.core.StandardHostValve.invoke(StandardHostValve.java:135) [tomcat-embed-core-9.0.56.jar:9.0.56]
	at org.apache.catalina.valves.ErrorReportValve.invoke(ErrorReportValve.java:92) [tomcat-embed-core-9.0.56.jar:9.0.56]
	at org.apache.catalina.core.StandardEngineValve.invoke(StandardEngineValve.java:78) [tomcat-embed-core-9.0.56.jar:9.0.56]
	at org.apache.catalina.connector.CoyoteAdapter.service(CoyoteAdapter.java:357) [tomcat-embed-core-9.0.56.jar:9.0.56]
	at org.apache.coyote.http11.Http11Processor.service(Http11Processor.java:382) [tomcat-embed-core-9.0.56.jar:9.0.56]
	at org.apache.coyote.AbstractProcessorLight.process(AbstractProcessorLight.java:65) [tomcat-embed-core-9.0.56.jar:9.0.56]
	at org.apache.coyote.AbstractProtocol$ConnectionHandler.process(AbstractProtocol.java:895) [tomcat-embed-core-9.0.56.jar:9.0.56]
	at org.apache.tomcat.util.net.NioEndpoint$SocketProcessor.doRun(NioEndpoint.java:1732) [tomcat-embed-core-9.0.56.jar:9.0.56]
	at org.apache.tomcat.util.net.SocketProcessorBase.run(SocketProcessorBase.java:49) [tomcat-embed-core-9.0.56.jar:9.0.56]
	at org.apache.tomcat.util.threads.ThreadPoolExecutor.runWorker(ThreadPoolExecutor.java:1191) [tomcat-embed-core-9.0.56.jar:9.0.56]
	at org.apache.tomcat.util.threads.ThreadPoolExecutor$Worker.run(ThreadPoolExecutor.java:659) [tomcat-embed-core-9.0.56.jar:9.0.56]
	at org.apache.tomcat.util.threads.TaskThread$WrappingRunnable.run(TaskThread.java:61) [tomcat-embed-core-9.0.56.jar:9.0.56]
	at java.lang.Thread.run(Thread.java:834) [?:?]
00:13:15.793+0900 [http-nio-8080-exec-6] DEBUG org.springframework.security.web.FilterChainProxy -Securing GET /error
00:13:15.793+0900 [http-nio-8080-exec-6] DEBUG org.springframework.security.web.context.HttpSessionSecurityContextRepository -Retrieved SecurityContextImpl [Authentication=UsernamePasswordAuthenticationToken [Principal=MemberDTO(member_email=gkstjfgml@naver.com), Credentials=[PROTECTED], Authenticated=true, Details=WebAuthenticationDetails [RemoteIpAddress=0:0:0:0:0:0:0:1, SessionId=3A2309CFDC567EF461D5AA1F3720137C], Granted Authorities=[ROLE_USER]]]
00:13:15.793+0900 [http-nio-8080-exec-6] DEBUG org.springframework.security.web.context.SecurityContextPersistenceFilter -Set SecurityContextHolder to SecurityContextImpl [Authentication=UsernamePasswordAuthenticationToken [Principal=MemberDTO(member_email=gkstjfgml@naver.com), Credentials=[PROTECTED], Authenticated=true, Details=WebAuthenticationDetails [RemoteIpAddress=0:0:0:0:0:0:0:1, SessionId=3A2309CFDC567EF461D5AA1F3720137C], Granted Authorities=[ROLE_USER]]]
00:13:15.793+0900 [http-nio-8080-exec-6] DEBUG org.springframework.security.web.FilterChainProxy -Secured GET /error
00:13:15.831+0900 [http-nio-8080-exec-6] DEBUG org.springframework.security.web.context.SecurityContextPersistenceFilter -Cleared SecurityContextHolder to complete request
00:34:11.588+0900 [Thread-11] INFO  org.springframework.orm.jpa.LocalContainerEntityManagerFactoryBean -Closing JPA EntityManagerFactory for persistence unit 'default'
00:34:11.633+0900 [Thread-11] INFO  com.zaxxer.hikari.HikariDataSource -HikariPool-3 - Shutdown initiated...
00:34:11.697+0900 [Thread-11] INFO  com.zaxxer.hikari.HikariDataSource -HikariPool-3 - Shutdown completed.
