15:57:03.913+0900 [restartedMain] DEBUG org.hibernate.type.BasicTypeRegistry -
			Adding type registration java.lang.String -> org.hibernate.type.StringType@471d0aec
15:57:03.915+0900 [restartedMain] DEBUG org.hibernate.type.BasicTypeRegistry -
			Adding type registration nstring -> org.hibernate.type.StringNVarcharType@633c0a4
15:57:03.915+0900 [restartedMain] DEBUG org.hibernate.type.BasicTypeRegistry -
			Adding type registration ncharacter -> org.hibernate.type.CharacterNCharType@4b27e2c7
15:57:03.915+0900 [restartedMain] DEBUG org.hibernate.type.BasicTypeRegistry -
			Adding type registration url -> org.hibernate.type.UrlType@2b667231
15:57:03.915+0900 [restartedMain] DEBUG org.hibernate.type.BasicTypeRegistry -
			Adding type registration java.net.URL -> org.hibernate.type.UrlType@2b667231
15:57:03.915+0900 [restartedMain] DEBUG org.hibernate.type.BasicTypeRegistry -
			Adding type registration Duration -> org.hibernate.type.DurationType@27e701fd
15:57:03.915+0900 [restartedMain] DEBUG org.hibernate.type.BasicTypeRegistry -
			Adding type registration java.time.Duration -> org.hibernate.type.DurationType@27e701fd
15:57:03.915+0900 [restartedMain] DEBUG org.hibernate.type.BasicTypeRegistry -
			Adding type registration Instant -> org.hibernate.type.InstantType@eee233b
15:57:03.915+0900 [restartedMain] DEBUG org.hibernate.type.BasicTypeRegistry -
			Adding type registration java.time.Instant -> org.hibernate.type.InstantType@eee233b
15:57:03.917+0900 [restartedMain] DEBUG org.hibernate.type.BasicTypeRegistry -
			Adding type registration LocalDateTime -> org.hibernate.type.LocalDateTimeType@45ac7bf7
15:57:03.917+0900 [restartedMain] DEBUG org.hibernate.type.BasicTypeRegistry -
			Adding type registration java.time.LocalDateTime -> org.hibernate.type.LocalDateTimeType@45ac7bf7
15:57:03.917+0900 [restartedMain] DEBUG org.hibernate.type.BasicTypeRegistry -
			Adding type registration LocalDate -> org.hibernate.type.LocalDateType@a04cba
15:57:03.917+0900 [restartedMain] DEBUG org.hibernate.type.BasicTypeRegistry -
			Adding type registration java.time.LocalDate -> org.hibernate.type.LocalDateType@a04cba
15:57:03.917+0900 [restartedMain] DEBUG org.hibernate.type.BasicTypeRegistry -
			Adding type registration LocalTime -> org.hibernate.type.LocalTimeType@6b2c1573
15:57:03.917+0900 [restartedMain] DEBUG org.hibernate.type.BasicTypeRegistry -
			Adding type registration java.time.LocalTime -> org.hibernate.type.LocalTimeType@6b2c1573
15:57:03.917+0900 [restartedMain] DEBUG org.hibernate.type.BasicTypeRegistry -
			Adding type registration OffsetDateTime -> org.hibernate.type.OffsetDateTimeType@390d9020
15:57:03.917+0900 [restartedMain] DEBUG org.hibernate.type.BasicTypeRegistry -
			Adding type registration java.time.OffsetDateTime -> org.hibernate.type.OffsetDateTimeType@390d9020
15:57:03.917+0900 [restartedMain] DEBUG org.hibernate.type.BasicTypeRegistry -
			Adding type registration OffsetTime -> org.hibernate.type.OffsetTimeType@1fe38f6d
15:57:03.917+0900 [restartedMain] DEBUG org.hibernate.type.BasicTypeRegistry -
			Adding type registration java.time.OffsetTime -> org.hibernate.type.OffsetTimeType@1fe38f6d
15:57:03.917+0900 [restartedMain] DEBUG org.hibernate.type.BasicTypeRegistry -
			Adding type registration ZonedDateTime -> org.hibernate.type.ZonedDateTimeType@3f9fa550
15:57:03.917+0900 [restartedMain] DEBUG org.hibernate.type.BasicTypeRegistry -
			Adding type registration java.time.ZonedDateTime -> org.hibernate.type.ZonedDateTimeType@3f9fa550
15:57:03.917+0900 [restartedMain] DEBUG org.hibernate.type.BasicTypeRegistry -
			Adding type registration date -> org.hibernate.type.DateType@132753b
15:57:03.917+0900 [restartedMain] DEBUG org.hibernate.type.BasicTypeRegistry -
			Adding type registration java.sql.Date -> org.hibernate.type.DateType@132753b
15:57:03.917+0900 [restartedMain] DEBUG org.hibernate.type.BasicTypeRegistry -
			Adding type registration time -> org.hibernate.type.TimeType@328e8514
15:57:03.917+0900 [restartedMain] DEBUG org.hibernate.type.BasicTypeRegistry -
			Adding type registration java.sql.Time -> org.hibernate.type.TimeType@328e8514
15:57:03.917+0900 [restartedMain] DEBUG org.hibernate.type.BasicTypeRegistry -
			Adding type registration timestamp -> org.hibernate.type.TimestampType@1706d905
15:57:03.917+0900 [restartedMain] DEBUG org.hibernate.type.BasicTypeRegistry -
			Adding type registration java.sql.Timestamp -> org.hibernate.type.TimestampType@1706d905
15:57:03.917+0900 [restartedMain] DEBUG org.hibernate.type.BasicTypeRegistry -
			Adding type registration java.util.Date -> org.hibernate.type.TimestampType@1706d905
15:57:03.917+0900 [restartedMain] DEBUG org.hibernate.type.BasicTypeRegistry -
			Adding type registration dbtimestamp -> org.hibernate.type.DbTimestampType@682a6df8
15:57:03.917+0900 [restartedMain] DEBUG org.hibernate.type.BasicTypeRegistry -
			Adding type registration calendar -> org.hibernate.type.CalendarType@64bcbb6a
15:57:03.917+0900 [restartedMain] DEBUG org.hibernate.type.BasicTypeRegistry -
			Adding type registration java.util.Calendar -> org.hibernate.type.CalendarType@64bcbb6a
15:57:03.917+0900 [restartedMain] DEBUG org.hibernate.type.BasicTypeRegistry -
			Adding type registration java.util.GregorianCalendar -> org.hibernate.type.CalendarType@64bcbb6a
15:57:03.917+0900 [restartedMain] DEBUG org.hibernate.type.BasicTypeRegistry -
			Adding type registration calendar_date -> org.hibernate.type.CalendarDateType@716cb892
15:57:03.917+0900 [restartedMain] DEBUG org.hibernate.type.BasicTypeRegistry -
			Adding type registration calendar_time -> org.hibernate.type.CalendarTimeType@239c1f48
15:57:03.917+0900 [restartedMain] DEBUG org.hibernate.type.BasicTypeRegistry -
			Adding type registration locale -> org.hibernate.type.LocaleType@b4de85f
15:57:03.917+0900 [restartedMain] DEBUG org.hibernate.type.BasicTypeRegistry -
			Adding type registration java.util.Locale -> org.hibernate.type.LocaleType@b4de85f
15:57:03.917+0900 [restartedMain] DEBUG org.hibernate.type.BasicTypeRegistry -
			Adding type registration currency -> org.hibernate.type.CurrencyType@34629a10
15:57:03.917+0900 [restartedMain] DEBUG org.hibernate.type.BasicTypeRegistry -
			Adding type registration java.util.Currency -> org.hibernate.type.CurrencyType@34629a10
15:57:03.918+0900 [restartedMain] DEBUG org.hibernate.type.BasicTypeRegistry -
			Adding type registration timezone -> org.hibernate.type.TimeZoneType@67b4dcc7
15:57:03.918+0900 [restartedMain] DEBUG org.hibernate.type.BasicTypeRegistry -
			Adding type registration java.util.TimeZone -> org.hibernate.type.TimeZoneType@67b4dcc7
15:57:03.918+0900 [restartedMain] DEBUG org.hibernate.type.BasicTypeRegistry -
			Adding type registration class -> org.hibernate.type.ClassType@5fc42ef7
15:57:03.918+0900 [restartedMain] DEBUG org.hibernate.type.BasicTypeRegistry -
			Adding type registration java.lang.Class -> org.hibernate.type.ClassType@5fc42ef7
15:57:03.918+0900 [restartedMain] DEBUG org.hibernate.type.BasicTypeRegistry -
			Adding type registration uuid-binary -> org.hibernate.type.UUIDBinaryType@2d859252
15:57:03.918+0900 [restartedMain] DEBUG org.hibernate.type.BasicTypeRegistry -
			Adding type registration java.util.UUID -> org.hibernate.type.UUIDBinaryType@2d859252
15:57:03.918+0900 [restartedMain] DEBUG org.hibernate.type.BasicTypeRegistry -
			Adding type registration uuid-char -> org.hibernate.type.UUIDCharType@c8cf1da
15:57:03.918+0900 [restartedMain] DEBUG org.hibernate.type.BasicTypeRegistry -
			Adding type registration binary -> org.hibernate.type.BinaryType@2ab2bc77
15:57:03.918+0900 [restartedMain] DEBUG org.hibernate.type.BasicTypeRegistry -
			Adding type registration byte[] -> org.hibernate.type.BinaryType@2ab2bc77
15:57:03.918+0900 [restartedMain] DEBUG org.hibernate.type.BasicTypeRegistry -
			Adding type registration [B -> org.hibernate.type.BinaryType@2ab2bc77
15:57:03.918+0900 [restartedMain] DEBUG org.hibernate.type.BasicTypeRegistry -
			Adding type registration wrapper-binary -> org.hibernate.type.WrapperBinaryType@1694fd4e
15:57:03.918+0900 [restartedMain] DEBUG org.hibernate.type.BasicTypeRegistry -
			Adding type registration Byte[] -> org.hibernate.type.WrapperBinaryType@1694fd4e
15:57:03.918+0900 [restartedMain] DEBUG org.hibernate.type.BasicTypeRegistry -
			Adding type registration [Ljava.lang.Byte; -> org.hibernate.type.WrapperBinaryType@1694fd4e
15:57:03.918+0900 [restartedMain] DEBUG org.hibernate.type.BasicTypeRegistry -
			Adding type registration row_version -> org.hibernate.type.RowVersionType@1e8de40c
15:57:03.918+0900 [restartedMain] DEBUG org.hibernate.type.BasicTypeRegistry -
			Adding type registration image -> org.hibernate.type.ImageType@260aba2e
15:57:03.918+0900 [restartedMain] DEBUG org.hibernate.type.BasicTypeRegistry -
			Adding type registration characters -> org.hibernate.type.CharArrayType@2c48f6f4
15:57:03.918+0900 [restartedMain] DEBUG org.hibernate.type.BasicTypeRegistry -
			Adding type registration char[] -> org.hibernate.type.CharArrayType@2c48f6f4
15:57:03.918+0900 [restartedMain] DEBUG org.hibernate.type.BasicTypeRegistry -
			Adding type registration [C -> org.hibernate.type.CharArrayType@2c48f6f4
15:57:03.918+0900 [restartedMain] DEBUG org.hibernate.type.BasicTypeRegistry -
			Adding type registration wrapper-characters -> org.hibernate.type.CharacterArrayType@518f9c1a
15:57:03.918+0900 [restartedMain] DEBUG org.hibernate.type.BasicTypeRegistry -
			Adding type registration [Ljava.lang.Character; -> org.hibernate.type.CharacterArrayType@518f9c1a
15:57:03.918+0900 [restartedMain] DEBUG org.hibernate.type.BasicTypeRegistry -
			Adding type registration Character[] -> org.hibernate.type.CharacterArrayType@518f9c1a
15:57:03.918+0900 [restartedMain] DEBUG org.hibernate.type.BasicTypeRegistry -
			Adding type registration text -> org.hibernate.type.TextType@486a9fde
15:57:03.918+0900 [restartedMain] DEBUG org.hibernate.type.BasicTypeRegistry -
			Adding type registration ntext -> org.hibernate.type.NTextType@3f68f72c
15:57:03.918+0900 [restartedMain] DEBUG org.hibernate.type.BasicTypeRegistry -
			Adding type registration blob -> org.hibernate.type.BlobType@79fdb717
