00:01:09.783+0900 [restartedMain] INFO  kr.co.abandog.AbandoneddogApplication -Starting AbandoneddogApplication using Java 11.0.12 on LAPTOP-DQ0S1TQE with PID 7084 (C:\Users\한설희\git\abandogProject\abandoneddog\bin\main started by han in C:\Users\한설희\git\abandogProject\abandoneddog)
00:01:09.788+0900 [restartedMain] INFO  kr.co.abandog.AbandoneddogApplication -No active profile set, falling back to default profiles: default
00:01:10.085+0900 [restartedMain] INFO  org.springframework.data.repository.config.RepositoryConfigurationDelegate -Bootstrapping Spring Data JPA repositories in DEFAULT mode.
00:01:10.143+0900 [restartedMain] INFO  org.springframework.data.repository.config.RepositoryConfigurationDelegate -Finished Spring Data repository scanning in 57 ms. Found 11 JPA repository interfaces.
00:01:10.248+0900 [restartedMain] INFO  org.springframework.boot.web.embedded.tomcat.TomcatWebServer -Tomcat initialized with port(s): 8080 (http)
00:01:10.248+0900 [restartedMain] INFO  org.apache.coyote.http11.Http11NioProtocol -Initializing ProtocolHandler ["http-nio-8080"]
00:01:10.249+0900 [restartedMain] INFO  org.apache.catalina.core.StandardService -Starting service [Tomcat]
00:01:10.249+0900 [restartedMain] INFO  org.apache.catalina.core.StandardEngine -Starting Servlet engine: [Apache Tomcat/9.0.56]
00:01:10.283+0900 [restartedMain] INFO  org.apache.catalina.core.ContainerBase.[Tomcat].[localhost].[/] -Initializing Spring embedded WebApplicationContext
00:01:10.283+0900 [restartedMain] INFO  org.springframework.boot.web.servlet.context.ServletWebServerApplicationContext -Root WebApplicationContext: initialization completed in 490 ms
00:01:10.315+0900 [restartedMain] INFO  org.hibernate.jpa.internal.util.LogHelper -HHH000204: Processing PersistenceUnitInfo [name: default]
00:01:10.324+0900 [restartedMain] INFO  com.zaxxer.hikari.HikariDataSource -HikariPool-22 - Starting...
00:01:10.376+0900 [restartedMain] INFO  com.zaxxer.hikari.HikariDataSource -HikariPool-22 - Start completed.
00:01:10.376+0900 [restartedMain] INFO  org.hibernate.dialect.Dialect -HHH000400: Using dialect: org.hibernate.dialect.MySQL8Dialect
00:01:10.603+0900 [restartedMain] INFO  org.hibernate.engine.transaction.jta.platform.internal.JtaPlatformInitiator -HHH000490: Using JtaPlatform implementation: [org.hibernate.engine.transaction.jta.platform.internal.NoJtaPlatform]
00:01:10.604+0900 [restartedMain] INFO  org.springframework.orm.jpa.LocalContainerEntityManagerFactoryBean -Initialized JPA EntityManagerFactory for persistence unit 'default'
00:01:10.700+0900 [restartedMain] WARN  org.springframework.boot.autoconfigure.orm.jpa.JpaBaseConfiguration$JpaWebConfiguration -spring.jpa.open-in-view is enabled by default. Therefore, database queries may be performed during view rendering. Explicitly configure spring.jpa.open-in-view to disable this warning
00:01:10.903+0900 [restartedMain] DEBUG org.springframework.security.web.access.expression.ExpressionBasedFilterInvocationSecurityMetadataSource -Adding web access control expression [permitAll] for ExactUrl [processUrl='/login/login?error']
00:01:10.904+0900 [restartedMain] DEBUG org.springframework.security.web.access.expression.ExpressionBasedFilterInvocationSecurityMetadataSource -Adding web access control expression [permitAll] for ExactUrl [processUrl='/login/login']
00:01:10.904+0900 [restartedMain] DEBUG org.springframework.security.web.access.expression.ExpressionBasedFilterInvocationSecurityMetadataSource -Adding web access control expression [permitAll] for ExactUrl [processUrl='/login/login']
00:01:10.904+0900 [restartedMain] DEBUG org.springframework.security.web.access.expression.ExpressionBasedFilterInvocationSecurityMetadataSource -Adding web access control expression [permitAll] for Ant [pattern='/']
00:01:10.904+0900 [restartedMain] DEBUG org.springframework.security.web.access.expression.ExpressionBasedFilterInvocationSecurityMetadataSource -Adding web access control expression [permitAll] for Ant [pattern='/favicon.ico']
00:01:10.904+0900 [restartedMain] DEBUG org.springframework.security.web.access.expression.ExpressionBasedFilterInvocationSecurityMetadataSource -Adding web access control expression [permitAll] for Ant [pattern='/layout/home']
00:01:10.904+0900 [restartedMain] DEBUG org.springframework.security.web.access.expression.ExpressionBasedFilterInvocationSecurityMetadataSource -Adding web access control expression [permitAll] for Ant [pattern='/image/*']
00:01:10.904+0900 [restartedMain] DEBUG org.springframework.security.web.access.expression.ExpressionBasedFilterInvocationSecurityMetadataSource -Adding web access control expression [permitAll] for Ant [pattern='/list']
00:01:10.904+0900 [restartedMain] DEBUG org.springframework.security.web.access.expression.ExpressionBasedFilterInvocationSecurityMetadataSource -Adding web access control expression [permitAll] for Ant [pattern='/css/*']
00:01:10.904+0900 [restartedMain] DEBUG org.springframework.security.web.access.expression.ExpressionBasedFilterInvocationSecurityMetadataSource -Adding web access control expression [permitAll] for Ant [pattern='/test']
00:01:10.904+0900 [restartedMain] DEBUG org.springframework.security.web.access.expression.ExpressionBasedFilterInvocationSecurityMetadataSource -Adding web access control expression [permitAll] for Ant [pattern='/openapi/*']
00:01:10.904+0900 [restartedMain] DEBUG org.springframework.security.web.access.expression.ExpressionBasedFilterInvocationSecurityMetadataSource -Adding web access control expression [hasRole('ROLE_USER')] for Ant [pattern='/layout/adoptapply']
00:01:10.904+0900 [restartedMain] DEBUG org.springframework.security.web.access.expression.ExpressionBasedFilterInvocationSecurityMetadataSource -Adding web access control expression [authenticated] for any request
00:01:10.905+0900 [restartedMain] INFO  org.springframework.security.web.DefaultSecurityFilterChain -Will secure any request with [org.springframework.security.web.context.request.async.WebAsyncManagerIntegrationFilter@77917abe, org.springframework.security.web.context.SecurityContextPersistenceFilter@5930c616, org.springframework.security.web.header.HeaderWriterFilter@75c0be45, org.springframework.security.web.authentication.logout.LogoutFilter@1d6691f0, org.springframework.security.web.authentication.UsernamePasswordAuthenticationFilter@1f666158, org.springframework.security.web.savedrequest.RequestCacheAwareFilter@6dfdea7b, org.springframework.security.web.servletapi.SecurityContextHolderAwareRequestFilter@1d3f4317, org.springframework.security.web.authentication.AnonymousAuthenticationFilter@481d96e6, org.springframework.security.web.session.SessionManagementFilter@14297e01, org.springframework.security.web.access.ExceptionTranslationFilter@5f4d7695, org.springframework.security.web.access.intercept.FilterSecurityInterceptor@5ebc4907]
00:01:10.911+0900 [restartedMain] INFO  org.springframework.boot.devtools.autoconfigure.OptionalLiveReloadServer -LiveReload server is running on port 35729
00:01:10.920+0900 [restartedMain] INFO  org.apache.coyote.http11.Http11NioProtocol -Starting ProtocolHandler ["http-nio-8080"]
00:01:10.923+0900 [restartedMain] INFO  org.springframework.boot.web.embedded.tomcat.TomcatWebServer -Tomcat started on port(s): 8080 (http) with context path ''
00:01:10.929+0900 [restartedMain] INFO  kr.co.abandog.AbandoneddogApplication -Started AbandoneddogApplication in 1.199 seconds (JVM running for 20017.026)
00:01:10.930+0900 [restartedMain] INFO  org.springframework.boot.devtools.autoconfigure.ConditionEvaluationDeltaLoggingListener -Condition evaluation unchanged
00:01:34.477+0900 [Thread-87] INFO  org.springframework.orm.jpa.LocalContainerEntityManagerFactoryBean -Closing JPA EntityManagerFactory for persistence unit 'default'
00:01:34.477+0900 [Thread-87] INFO  com.zaxxer.hikari.HikariDataSource -HikariPool-22 - Shutdown initiated...
00:01:34.480+0900 [Thread-87] INFO  com.zaxxer.hikari.HikariDataSource -HikariPool-22 - Shutdown completed.
00:01:34.585+0900 [restartedMain] INFO  kr.co.abandog.AbandoneddogApplication -Starting AbandoneddogApplication using Java 11.0.12 on LAPTOP-DQ0S1TQE with PID 7084 (C:\Users\한설희\git\abandogProject\abandoneddog\bin\main started by han in C:\Users\한설희\git\abandogProject\abandoneddog)
00:01:34.587+0900 [restartedMain] INFO  kr.co.abandog.AbandoneddogApplication -No active profile set, falling back to default profiles: default
00:01:34.775+0900 [restartedMain] INFO  org.springframework.data.repository.config.RepositoryConfigurationDelegate -Bootstrapping Spring Data JPA repositories in DEFAULT mode.
00:01:34.818+0900 [restartedMain] INFO  org.springframework.data.repository.config.RepositoryConfigurationDelegate -Finished Spring Data repository scanning in 42 ms. Found 11 JPA repository interfaces.
00:01:34.905+0900 [restartedMain] INFO  org.springframework.boot.web.embedded.tomcat.TomcatWebServer -Tomcat initialized with port(s): 8080 (http)
00:01:34.906+0900 [restartedMain] INFO  org.apache.coyote.http11.Http11NioProtocol -Initializing ProtocolHandler ["http-nio-8080"]
00:01:34.906+0900 [restartedMain] INFO  org.apache.catalina.core.StandardService -Starting service [Tomcat]
00:01:34.906+0900 [restartedMain] INFO  org.apache.catalina.core.StandardEngine -Starting Servlet engine: [Apache Tomcat/9.0.56]
00:01:34.925+0900 [restartedMain] INFO  org.apache.catalina.core.ContainerBase.[Tomcat].[localhost].[/] -Initializing Spring embedded WebApplicationContext
00:01:34.925+0900 [restartedMain] INFO  org.springframework.boot.web.servlet.context.ServletWebServerApplicationContext -Root WebApplicationContext: initialization completed in 337 ms
00:01:34.957+0900 [restartedMain] INFO  org.hibernate.jpa.internal.util.LogHelper -HHH000204: Processing PersistenceUnitInfo [name: default]
00:01:34.964+0900 [restartedMain] INFO  com.zaxxer.hikari.HikariDataSource -HikariPool-23 - Starting...
00:01:34.986+0900 [restartedMain] INFO  com.zaxxer.hikari.HikariDataSource -HikariPool-23 - Start completed.
00:01:34.986+0900 [restartedMain] INFO  org.hibernate.dialect.Dialect -HHH000400: Using dialect: org.hibernate.dialect.MySQL8Dialect
00:01:35.110+0900 [restartedMain] INFO  org.hibernate.engine.transaction.jta.platform.internal.JtaPlatformInitiator -HHH000490: Using JtaPlatform implementation: [org.hibernate.engine.transaction.jta.platform.internal.NoJtaPlatform]
00:01:35.111+0900 [restartedMain] INFO  org.springframework.orm.jpa.LocalContainerEntityManagerFactoryBean -Initialized JPA EntityManagerFactory for persistence unit 'default'
00:01:35.217+0900 [restartedMain] WARN  org.springframework.boot.autoconfigure.orm.jpa.JpaBaseConfiguration$JpaWebConfiguration -spring.jpa.open-in-view is enabled by default. Therefore, database queries may be performed during view rendering. Explicitly configure spring.jpa.open-in-view to disable this warning
00:01:35.420+0900 [restartedMain] DEBUG org.springframework.security.web.access.expression.ExpressionBasedFilterInvocationSecurityMetadataSource -Adding web access control expression [permitAll] for ExactUrl [processUrl='/login/login?error']
00:01:35.420+0900 [restartedMain] DEBUG org.springframework.security.web.access.expression.ExpressionBasedFilterInvocationSecurityMetadataSource -Adding web access control expression [permitAll] for ExactUrl [processUrl='/login/login']
00:01:35.420+0900 [restartedMain] DEBUG org.springframework.security.web.access.expression.ExpressionBasedFilterInvocationSecurityMetadataSource -Adding web access control expression [permitAll] for ExactUrl [processUrl='/login/login']
00:01:35.420+0900 [restartedMain] DEBUG org.springframework.security.web.access.expression.ExpressionBasedFilterInvocationSecurityMetadataSource -Adding web access control expression [permitAll] for Ant [pattern='/']
00:01:35.420+0900 [restartedMain] DEBUG org.springframework.security.web.access.expression.ExpressionBasedFilterInvocationSecurityMetadataSource -Adding web access control expression [permitAll] for Ant [pattern='/favicon.ico']
00:01:35.420+0900 [restartedMain] DEBUG org.springframework.security.web.access.expression.ExpressionBasedFilterInvocationSecurityMetadataSource -Adding web access control expression [permitAll] for Ant [pattern='/layout/home']
00:01:35.420+0900 [restartedMain] DEBUG org.springframework.security.web.access.expression.ExpressionBasedFilterInvocationSecurityMetadataSource -Adding web access control expression [permitAll] for Ant [pattern='/image/*']
00:01:35.420+0900 [restartedMain] DEBUG org.springframework.security.web.access.expression.ExpressionBasedFilterInvocationSecurityMetadataSource -Adding web access control expression [permitAll] for Ant [pattern='/list']
00:01:35.420+0900 [restartedMain] DEBUG org.springframework.security.web.access.expression.ExpressionBasedFilterInvocationSecurityMetadataSource -Adding web access control expression [permitAll] for Ant [pattern='/css/*']
00:01:35.420+0900 [restartedMain] DEBUG org.springframework.security.web.access.expression.ExpressionBasedFilterInvocationSecurityMetadataSource -Adding web access control expression [permitAll] for Ant [pattern='/test']
00:01:35.420+0900 [restartedMain] DEBUG org.springframework.security.web.access.expression.ExpressionBasedFilterInvocationSecurityMetadataSource -Adding web access control expression [permitAll] for Ant [pattern='/openapi/*']
00:01:35.420+0900 [restartedMain] DEBUG org.springframework.security.web.access.expression.ExpressionBasedFilterInvocationSecurityMetadataSource -Adding web access control expression [hasRole('ROLE_USER')] for Ant [pattern='/layout/adoptapply']
00:01:35.420+0900 [restartedMain] DEBUG org.springframework.security.web.access.expression.ExpressionBasedFilterInvocationSecurityMetadataSource -Adding web access control expression [authenticated] for any request
00:01:35.422+0900 [restartedMain] INFO  org.springframework.security.web.DefaultSecurityFilterChain -Will secure any request with [org.springframework.security.web.context.request.async.WebAsyncManagerIntegrationFilter@232814bb, org.springframework.security.web.context.SecurityContextPersistenceFilter@5d17460a, org.springframework.security.web.header.HeaderWriterFilter@283661c9, org.springframework.security.web.authentication.logout.LogoutFilter@5aac15ea, org.springframework.security.web.authentication.UsernamePasswordAuthenticationFilter@7634cc95, org.springframework.security.web.savedrequest.RequestCacheAwareFilter@2fb0a828, org.springframework.security.web.servletapi.SecurityContextHolderAwareRequestFilter@3413bc3e, org.springframework.security.web.authentication.AnonymousAuthenticationFilter@4a80de15, org.springframework.security.web.session.SessionManagementFilter@7c8ebf08, org.springframework.security.web.access.ExceptionTranslationFilter@5754a020, org.springframework.security.web.access.intercept.FilterSecurityInterceptor@240f3850]
00:01:35.427+0900 [restartedMain] INFO  org.springframework.boot.devtools.autoconfigure.OptionalLiveReloadServer -LiveReload server is running on port 35729
00:01:35.434+0900 [restartedMain] INFO  org.apache.coyote.http11.Http11NioProtocol -Starting ProtocolHandler ["http-nio-8080"]
00:01:35.436+0900 [restartedMain] INFO  org.springframework.boot.web.embedded.tomcat.TomcatWebServer -Tomcat started on port(s): 8080 (http) with context path ''
00:01:35.439+0900 [restartedMain] INFO  kr.co.abandog.AbandoneddogApplication -Started AbandoneddogApplication in 0.884 seconds (JVM running for 20041.537)
00:01:35.441+0900 [restartedMain] INFO  org.springframework.boot.devtools.autoconfigure.ConditionEvaluationDeltaLoggingListener -Condition evaluation unchanged
00:04:51.754+0900 [Thread-91] INFO  org.springframework.orm.jpa.LocalContainerEntityManagerFactoryBean -Closing JPA EntityManagerFactory for persistence unit 'default'
00:04:51.768+0900 [Thread-91] INFO  com.zaxxer.hikari.HikariDataSource -HikariPool-23 - Shutdown initiated...
00:04:51.793+0900 [Thread-91] INFO  com.zaxxer.hikari.HikariDataSource -HikariPool-23 - Shutdown completed.
00:04:52.196+0900 [restartedMain] INFO  kr.co.abandog.AbandoneddogApplication -Starting AbandoneddogApplication using Java 11.0.12 on LAPTOP-DQ0S1TQE with PID 7084 (C:\Users\한설희\git\abandogProject\abandoneddog\bin\main started by han in C:\Users\한설희\git\abandogProject\abandoneddog)
00:04:52.197+0900 [restartedMain] INFO  kr.co.abandog.AbandoneddogApplication -No active profile set, falling back to default profiles: default
00:04:52.503+0900 [restartedMain] INFO  org.springframework.data.repository.config.RepositoryConfigurationDelegate -Bootstrapping Spring Data JPA repositories in DEFAULT mode.
00:04:52.549+0900 [restartedMain] INFO  org.springframework.data.repository.config.RepositoryConfigurationDelegate -Finished Spring Data repository scanning in 46 ms. Found 11 JPA repository interfaces.
00:04:52.674+0900 [restartedMain] INFO  org.springframework.boot.web.embedded.tomcat.TomcatWebServer -Tomcat initialized with port(s): 8080 (http)
00:04:52.676+0900 [restartedMain] INFO  org.apache.coyote.http11.Http11NioProtocol -Initializing ProtocolHandler ["http-nio-8080"]
00:04:52.676+0900 [restartedMain] INFO  org.apache.catalina.core.StandardService -Starting service [Tomcat]
00:04:52.676+0900 [restartedMain] INFO  org.apache.catalina.core.StandardEngine -Starting Servlet engine: [Apache Tomcat/9.0.56]
00:04:52.705+0900 [restartedMain] INFO  org.apache.catalina.core.ContainerBase.[Tomcat].[localhost].[/] -Initializing Spring embedded WebApplicationContext
00:04:52.705+0900 [restartedMain] INFO  org.springframework.boot.web.servlet.context.ServletWebServerApplicationContext -Root WebApplicationContext: initialization completed in 504 ms
00:04:52.790+0900 [restartedMain] INFO  org.hibernate.jpa.internal.util.LogHelper -HHH000204: Processing PersistenceUnitInfo [name: default]
00:04:52.800+0900 [restartedMain] INFO  com.zaxxer.hikari.HikariDataSource -HikariPool-24 - Starting...
00:04:52.839+0900 [restartedMain] INFO  com.zaxxer.hikari.HikariDataSource -HikariPool-24 - Start completed.
00:04:52.840+0900 [restartedMain] INFO  org.hibernate.dialect.Dialect -HHH000400: Using dialect: org.hibernate.dialect.MySQL8Dialect
00:04:53.180+0900 [restartedMain] INFO  org.hibernate.engine.transaction.jta.platform.internal.JtaPlatformInitiator -HHH000490: Using JtaPlatform implementation: [org.hibernate.engine.transaction.jta.platform.internal.NoJtaPlatform]
00:04:53.183+0900 [restartedMain] INFO  org.springframework.orm.jpa.LocalContainerEntityManagerFactoryBean -Initialized JPA EntityManagerFactory for persistence unit 'default'
00:04:53.313+0900 [restartedMain] WARN  org.springframework.boot.autoconfigure.orm.jpa.JpaBaseConfiguration$JpaWebConfiguration -spring.jpa.open-in-view is enabled by default. Therefore, database queries may be performed during view rendering. Explicitly configure spring.jpa.open-in-view to disable this warning
00:04:53.539+0900 [restartedMain] DEBUG org.springframework.security.web.access.expression.ExpressionBasedFilterInvocationSecurityMetadataSource -Adding web access control expression [permitAll] for ExactUrl [processUrl='/login/login?error']
00:04:53.539+0900 [restartedMain] DEBUG org.springframework.security.web.access.expression.ExpressionBasedFilterInvocationSecurityMetadataSource -Adding web access control expression [permitAll] for ExactUrl [processUrl='/login/login']
00:04:53.539+0900 [restartedMain] DEBUG org.springframework.security.web.access.expression.ExpressionBasedFilterInvocationSecurityMetadataSource -Adding web access control expression [permitAll] for ExactUrl [processUrl='/login/login']
00:04:53.539+0900 [restartedMain] DEBUG org.springframework.security.web.access.expression.ExpressionBasedFilterInvocationSecurityMetadataSource -Adding web access control expression [permitAll] for Ant [pattern='/']
00:04:53.539+0900 [restartedMain] DEBUG org.springframework.security.web.access.expression.ExpressionBasedFilterInvocationSecurityMetadataSource -Adding web access control expression [permitAll] for Ant [pattern='/favicon.ico']
00:04:53.539+0900 [restartedMain] DEBUG org.springframework.security.web.access.expression.ExpressionBasedFilterInvocationSecurityMetadataSource -Adding web access control expression [permitAll] for Ant [pattern='/layout/home']
00:04:53.539+0900 [restartedMain] DEBUG org.springframework.security.web.access.expression.ExpressionBasedFilterInvocationSecurityMetadataSource -Adding web access control expression [permitAll] for Ant [pattern='/image/*']
00:04:53.539+0900 [restartedMain] DEBUG org.springframework.security.web.access.expression.ExpressionBasedFilterInvocationSecurityMetadataSource -Adding web access control expression [permitAll] for Ant [pattern='/list']
00:04:53.540+0900 [restartedMain] DEBUG org.springframework.security.web.access.expression.ExpressionBasedFilterInvocationSecurityMetadataSource -Adding web access control expression [permitAll] for Ant [pattern='/css/*']
00:04:53.540+0900 [restartedMain] DEBUG org.springframework.security.web.access.expression.ExpressionBasedFilterInvocationSecurityMetadataSource -Adding web access control expression [permitAll] for Ant [pattern='/test']
00:04:53.540+0900 [restartedMain] DEBUG org.springframework.security.web.access.expression.ExpressionBasedFilterInvocationSecurityMetadataSource -Adding web access control expression [permitAll] for Ant [pattern='/openapi/*']
00:04:53.540+0900 [restartedMain] DEBUG org.springframework.security.web.access.expression.ExpressionBasedFilterInvocationSecurityMetadataSource -Adding web access control expression [hasRole('ROLE_USER')] for Ant [pattern='/layout/adoptapply']
00:04:53.540+0900 [restartedMain] DEBUG org.springframework.security.web.access.expression.ExpressionBasedFilterInvocationSecurityMetadataSource -Adding web access control expression [authenticated] for any request
00:04:53.541+0900 [restartedMain] INFO  org.springframework.security.web.DefaultSecurityFilterChain -Will secure any request with [org.springframework.security.web.context.request.async.WebAsyncManagerIntegrationFilter@5db66c1, org.springframework.security.web.context.SecurityContextPersistenceFilter@3bfb0e5c, org.springframework.security.web.header.HeaderWriterFilter@2df06162, org.springframework.security.web.authentication.logout.LogoutFilter@1ed411ac, org.springframework.security.web.authentication.UsernamePasswordAuthenticationFilter@275e7357, org.springframework.security.web.savedrequest.RequestCacheAwareFilter@1711b98a, org.springframework.security.web.servletapi.SecurityContextHolderAwareRequestFilter@3944317b, org.springframework.security.web.authentication.AnonymousAuthenticationFilter@54abf0c3, org.springframework.security.web.session.SessionManagementFilter@51f2b99b, org.springframework.security.web.access.ExceptionTranslationFilter@28b08edf, org.springframework.security.web.access.intercept.FilterSecurityInterceptor@4afe2244]
00:04:53.552+0900 [restartedMain] INFO  org.springframework.boot.devtools.autoconfigure.OptionalLiveReloadServer -LiveReload server is running on port 35729
00:04:53.560+0900 [restartedMain] INFO  org.apache.coyote.http11.Http11NioProtocol -Starting ProtocolHandler ["http-nio-8080"]
00:04:53.562+0900 [restartedMain] INFO  org.springframework.boot.web.embedded.tomcat.TomcatWebServer -Tomcat started on port(s): 8080 (http) with context path ''
00:04:53.567+0900 [restartedMain] INFO  kr.co.abandog.AbandoneddogApplication -Started AbandoneddogApplication in 1.414 seconds (JVM running for 20239.664)
00:04:53.567+0900 [restartedMain] INFO  org.springframework.boot.devtools.autoconfigure.ConditionEvaluationDeltaLoggingListener -Condition evaluation unchanged
00:05:25.515+0900 [Thread-95] INFO  org.springframework.orm.jpa.LocalContainerEntityManagerFactoryBean -Closing JPA EntityManagerFactory for persistence unit 'default'
00:05:25.517+0900 [Thread-95] INFO  com.zaxxer.hikari.HikariDataSource -HikariPool-24 - Shutdown initiated...
00:05:25.524+0900 [Thread-95] INFO  com.zaxxer.hikari.HikariDataSource -HikariPool-24 - Shutdown completed.
00:05:25.650+0900 [restartedMain] INFO  kr.co.abandog.AbandoneddogApplication -Starting AbandoneddogApplication using Java 11.0.12 on LAPTOP-DQ0S1TQE with PID 7084 (C:\Users\한설희\git\abandogProject\abandoneddog\bin\main started by han in C:\Users\한설희\git\abandogProject\abandoneddog)
00:05:25.651+0900 [restartedMain] INFO  kr.co.abandog.AbandoneddogApplication -No active profile set, falling back to default profiles: default
00:05:25.851+0900 [restartedMain] INFO  org.springframework.data.repository.config.RepositoryConfigurationDelegate -Bootstrapping Spring Data JPA repositories in DEFAULT mode.
00:05:25.890+0900 [restartedMain] INFO  org.springframework.data.repository.config.RepositoryConfigurationDelegate -Finished Spring Data repository scanning in 39 ms. Found 11 JPA repository interfaces.
00:05:25.967+0900 [restartedMain] INFO  org.springframework.boot.web.embedded.tomcat.TomcatWebServer -Tomcat initialized with port(s): 8080 (http)
00:05:25.968+0900 [restartedMain] INFO  org.apache.coyote.http11.Http11NioProtocol -Initializing ProtocolHandler ["http-nio-8080"]
00:05:25.968+0900 [restartedMain] INFO  org.apache.catalina.core.StandardService -Starting service [Tomcat]
00:05:25.968+0900 [restartedMain] INFO  org.apache.catalina.core.StandardEngine -Starting Servlet engine: [Apache Tomcat/9.0.56]
00:05:25.987+0900 [restartedMain] INFO  org.apache.catalina.core.ContainerBase.[Tomcat].[localhost].[/] -Initializing Spring embedded WebApplicationContext
00:05:25.987+0900 [restartedMain] INFO  org.springframework.boot.web.servlet.context.ServletWebServerApplicationContext -Root WebApplicationContext: initialization completed in 333 ms
00:05:26.019+0900 [restartedMain] INFO  org.hibernate.jpa.internal.util.LogHelper -HHH000204: Processing PersistenceUnitInfo [name: default]
00:05:26.024+0900 [restartedMain] INFO  com.zaxxer.hikari.HikariDataSource -HikariPool-25 - Starting...
00:05:26.044+0900 [restartedMain] INFO  com.zaxxer.hikari.HikariDataSource -HikariPool-25 - Start completed.
00:05:26.045+0900 [restartedMain] INFO  org.hibernate.dialect.Dialect -HHH000400: Using dialect: org.hibernate.dialect.MySQL8Dialect
00:05:26.170+0900 [restartedMain] INFO  org.hibernate.engine.transaction.jta.platform.internal.JtaPlatformInitiator -HHH000490: Using JtaPlatform implementation: [org.hibernate.engine.transaction.jta.platform.internal.NoJtaPlatform]
00:05:26.170+0900 [restartedMain] INFO  org.springframework.orm.jpa.LocalContainerEntityManagerFactoryBean -Initialized JPA EntityManagerFactory for persistence unit 'default'
00:05:26.269+0900 [restartedMain] WARN  org.springframework.boot.autoconfigure.orm.jpa.JpaBaseConfiguration$JpaWebConfiguration -spring.jpa.open-in-view is enabled by default. Therefore, database queries may be performed during view rendering. Explicitly configure spring.jpa.open-in-view to disable this warning
00:05:26.510+0900 [restartedMain] DEBUG org.springframework.security.web.access.expression.ExpressionBasedFilterInvocationSecurityMetadataSource -Adding web access control expression [permitAll] for ExactUrl [processUrl='/login/login?error']
00:05:26.511+0900 [restartedMain] DEBUG org.springframework.security.web.access.expression.ExpressionBasedFilterInvocationSecurityMetadataSource -Adding web access control expression [permitAll] for ExactUrl [processUrl='/login/login']
00:05:26.511+0900 [restartedMain] DEBUG org.springframework.security.web.access.expression.ExpressionBasedFilterInvocationSecurityMetadataSource -Adding web access control expression [permitAll] for ExactUrl [processUrl='/login/login']
00:05:26.511+0900 [restartedMain] DEBUG org.springframework.security.web.access.expression.ExpressionBasedFilterInvocationSecurityMetadataSource -Adding web access control expression [permitAll] for Ant [pattern='/']
00:05:26.511+0900 [restartedMain] DEBUG org.springframework.security.web.access.expression.ExpressionBasedFilterInvocationSecurityMetadataSource -Adding web access control expression [permitAll] for Ant [pattern='/favicon.ico']
00:05:26.512+0900 [restartedMain] DEBUG org.springframework.security.web.access.expression.ExpressionBasedFilterInvocationSecurityMetadataSource -Adding web access control expression [permitAll] for Ant [pattern='/layout/home']
00:05:26.512+0900 [restartedMain] DEBUG org.springframework.security.web.access.expression.ExpressionBasedFilterInvocationSecurityMetadataSource -Adding web access control expression [permitAll] for Ant [pattern='/image/*']
00:05:26.512+0900 [restartedMain] DEBUG org.springframework.security.web.access.expression.ExpressionBasedFilterInvocationSecurityMetadataSource -Adding web access control expression [permitAll] for Ant [pattern='/list']
00:05:26.512+0900 [restartedMain] DEBUG org.springframework.security.web.access.expression.ExpressionBasedFilterInvocationSecurityMetadataSource -Adding web access control expression [permitAll] for Ant [pattern='/css/*']
00:05:26.512+0900 [restartedMain] DEBUG org.springframework.security.web.access.expression.ExpressionBasedFilterInvocationSecurityMetadataSource -Adding web access control expression [permitAll] for Ant [pattern='/test']
00:05:26.512+0900 [restartedMain] DEBUG org.springframework.security.web.access.expression.ExpressionBasedFilterInvocationSecurityMetadataSource -Adding web access control expression [permitAll] for Ant [pattern='/openapi/*']
00:05:26.512+0900 [restartedMain] DEBUG org.springframework.security.web.access.expression.ExpressionBasedFilterInvocationSecurityMetadataSource -Adding web access control expression [hasRole('ROLE_USER')] for Ant [pattern='/layout/adoptapply']
00:05:26.512+0900 [restartedMain] DEBUG org.springframework.security.web.access.expression.ExpressionBasedFilterInvocationSecurityMetadataSource -Adding web access control expression [authenticated] for any request
00:05:26.514+0900 [restartedMain] INFO  org.springframework.security.web.DefaultSecurityFilterChain -Will secure any request with [org.springframework.security.web.context.request.async.WebAsyncManagerIntegrationFilter@5397decb, org.springframework.security.web.context.SecurityContextPersistenceFilter@11d9dcd, org.springframework.security.web.header.HeaderWriterFilter@3b953c58, org.springframework.security.web.authentication.logout.LogoutFilter@370bd529, org.springframework.security.web.authentication.UsernamePasswordAuthenticationFilter@6eda1bbc, org.springframework.security.web.savedrequest.RequestCacheAwareFilter@2f35dad6, org.springframework.security.web.servletapi.SecurityContextHolderAwareRequestFilter@3dd05494, org.springframework.security.web.authentication.AnonymousAuthenticationFilter@48dde43, org.springframework.security.web.session.SessionManagementFilter@36c89c4, org.springframework.security.web.access.ExceptionTranslationFilter@624999e9, org.springframework.security.web.access.intercept.FilterSecurityInterceptor@1c84f617]
00:05:26.521+0900 [restartedMain] INFO  org.springframework.boot.devtools.autoconfigure.OptionalLiveReloadServer -LiveReload server is running on port 35729
00:05:26.529+0900 [restartedMain] INFO  org.apache.coyote.http11.Http11NioProtocol -Starting ProtocolHandler ["http-nio-8080"]
00:05:26.531+0900 [restartedMain] INFO  org.springframework.boot.web.embedded.tomcat.TomcatWebServer -Tomcat started on port(s): 8080 (http) with context path ''
00:05:26.535+0900 [restartedMain] INFO  kr.co.abandog.AbandoneddogApplication -Started AbandoneddogApplication in 0.917 seconds (JVM running for 20272.632)
00:05:26.535+0900 [restartedMain] INFO  org.springframework.boot.devtools.autoconfigure.ConditionEvaluationDeltaLoggingListener -Condition evaluation unchanged
00:08:25.664+0900 [Thread-99] INFO  org.springframework.orm.jpa.LocalContainerEntityManagerFactoryBean -Closing JPA EntityManagerFactory for persistence unit 'default'
00:08:25.677+0900 [Thread-99] INFO  com.zaxxer.hikari.HikariDataSource -HikariPool-25 - Shutdown initiated...
00:08:25.691+0900 [Thread-99] INFO  com.zaxxer.hikari.HikariDataSource -HikariPool-25 - Shutdown completed.
00:08:25.903+0900 [restartedMain] INFO  kr.co.abandog.AbandoneddogApplication -Starting AbandoneddogApplication using Java 11.0.12 on LAPTOP-DQ0S1TQE with PID 7084 (C:\Users\한설희\git\abandogProject\abandoneddog\bin\main started by han in C:\Users\한설희\git\abandogProject\abandoneddog)
00:08:25.904+0900 [restartedMain] INFO  kr.co.abandog.AbandoneddogApplication -No active profile set, falling back to default profiles: default
00:08:26.169+0900 [restartedMain] INFO  org.springframework.data.repository.config.RepositoryConfigurationDelegate -Bootstrapping Spring Data JPA repositories in DEFAULT mode.
00:08:26.215+0900 [restartedMain] INFO  org.springframework.data.repository.config.RepositoryConfigurationDelegate -Finished Spring Data repository scanning in 45 ms. Found 11 JPA repository interfaces.
00:08:26.293+0900 [restartedMain] INFO  org.springframework.boot.web.embedded.tomcat.TomcatWebServer -Tomcat initialized with port(s): 8080 (http)
00:08:26.293+0900 [restartedMain] INFO  org.apache.coyote.http11.Http11NioProtocol -Initializing ProtocolHandler ["http-nio-8080"]
00:08:26.293+0900 [restartedMain] INFO  org.apache.catalina.core.StandardService -Starting service [Tomcat]
00:08:26.293+0900 [restartedMain] INFO  org.apache.catalina.core.StandardEngine -Starting Servlet engine: [Apache Tomcat/9.0.56]
00:08:26.314+0900 [restartedMain] INFO  org.apache.catalina.core.ContainerBase.[Tomcat].[localhost].[/] -Initializing Spring embedded WebApplicationContext
00:08:26.314+0900 [restartedMain] INFO  org.springframework.boot.web.servlet.context.ServletWebServerApplicationContext -Root WebApplicationContext: initialization completed in 407 ms
00:08:26.342+0900 [restartedMain] INFO  org.hibernate.jpa.internal.util.LogHelper -HHH000204: Processing PersistenceUnitInfo [name: default]
00:08:26.350+0900 [restartedMain] INFO  com.zaxxer.hikari.HikariDataSource -HikariPool-26 - Starting...
00:08:26.370+0900 [restartedMain] INFO  com.zaxxer.hikari.HikariDataSource -HikariPool-26 - Start completed.
00:08:26.370+0900 [restartedMain] INFO  org.hibernate.dialect.Dialect -HHH000400: Using dialect: org.hibernate.dialect.MySQL8Dialect
00:08:26.500+0900 [restartedMain] INFO  org.hibernate.engine.transaction.jta.platform.internal.JtaPlatformInitiator -HHH000490: Using JtaPlatform implementation: [org.hibernate.engine.transaction.jta.platform.internal.NoJtaPlatform]
00:08:26.500+0900 [restartedMain] INFO  org.springframework.orm.jpa.LocalContainerEntityManagerFactoryBean -Initialized JPA EntityManagerFactory for persistence unit 'default'
00:08:26.613+0900 [restartedMain] WARN  org.springframework.boot.autoconfigure.orm.jpa.JpaBaseConfiguration$JpaWebConfiguration -spring.jpa.open-in-view is enabled by default. Therefore, database queries may be performed during view rendering. Explicitly configure spring.jpa.open-in-view to disable this warning
00:08:26.810+0900 [restartedMain] DEBUG org.springframework.security.web.access.expression.ExpressionBasedFilterInvocationSecurityMetadataSource -Adding web access control expression [permitAll] for ExactUrl [processUrl='/login/login?error']
00:08:26.810+0900 [restartedMain] DEBUG org.springframework.security.web.access.expression.ExpressionBasedFilterInvocationSecurityMetadataSource -Adding web access control expression [permitAll] for ExactUrl [processUrl='/login/login']
00:08:26.811+0900 [restartedMain] DEBUG org.springframework.security.web.access.expression.ExpressionBasedFilterInvocationSecurityMetadataSource -Adding web access control expression [permitAll] for ExactUrl [processUrl='/login/login']
00:08:26.811+0900 [restartedMain] DEBUG org.springframework.security.web.access.expression.ExpressionBasedFilterInvocationSecurityMetadataSource -Adding web access control expression [permitAll] for Ant [pattern='/']
00:08:26.811+0900 [restartedMain] DEBUG org.springframework.security.web.access.expression.ExpressionBasedFilterInvocationSecurityMetadataSource -Adding web access control expression [permitAll] for Ant [pattern='/favicon.ico']
00:08:26.811+0900 [restartedMain] DEBUG org.springframework.security.web.access.expression.ExpressionBasedFilterInvocationSecurityMetadataSource -Adding web access control expression [permitAll] for Ant [pattern='/layout/home']
00:08:26.811+0900 [restartedMain] DEBUG org.springframework.security.web.access.expression.ExpressionBasedFilterInvocationSecurityMetadataSource -Adding web access control expression [permitAll] for Ant [pattern='/image/*']
00:08:26.811+0900 [restartedMain] DEBUG org.springframework.security.web.access.expression.ExpressionBasedFilterInvocationSecurityMetadataSource -Adding web access control expression [permitAll] for Ant [pattern='/list']
00:08:26.811+0900 [restartedMain] DEBUG org.springframework.security.web.access.expression.ExpressionBasedFilterInvocationSecurityMetadataSource -Adding web access control expression [permitAll] for Ant [pattern='/css/*']
00:08:26.811+0900 [restartedMain] DEBUG org.springframework.security.web.access.expression.ExpressionBasedFilterInvocationSecurityMetadataSource -Adding web access control expression [permitAll] for Ant [pattern='/test']
00:08:26.811+0900 [restartedMain] DEBUG org.springframework.security.web.access.expression.ExpressionBasedFilterInvocationSecurityMetadataSource -Adding web access control expression [permitAll] for Ant [pattern='/openapi/*']
00:08:26.811+0900 [restartedMain] DEBUG org.springframework.security.web.access.expression.ExpressionBasedFilterInvocationSecurityMetadataSource -Adding web access control expression [hasRole('ROLE_USER')] for Ant [pattern='/layout/adoptapply']
00:08:26.811+0900 [restartedMain] DEBUG org.springframework.security.web.access.expression.ExpressionBasedFilterInvocationSecurityMetadataSource -Adding web access control expression [authenticated] for any request
00:08:26.813+0900 [restartedMain] INFO  org.springframework.security.web.DefaultSecurityFilterChain -Will secure any request with [org.springframework.security.web.context.request.async.WebAsyncManagerIntegrationFilter@15307c1, org.springframework.security.web.context.SecurityContextPersistenceFilter@3263cf39, org.springframework.security.web.header.HeaderWriterFilter@1e4dbd2, org.springframework.security.web.authentication.logout.LogoutFilter@17a22ded, org.springframework.security.web.authentication.UsernamePasswordAuthenticationFilter@58439337, org.springframework.security.web.savedrequest.RequestCacheAwareFilter@186d6886, org.springframework.security.web.servletapi.SecurityContextHolderAwareRequestFilter@3ff01a12, org.springframework.security.web.authentication.AnonymousAuthenticationFilter@7bc8feef, org.springframework.security.web.session.SessionManagementFilter@27f46297, org.springframework.security.web.access.ExceptionTranslationFilter@538f3576, org.springframework.security.web.access.intercept.FilterSecurityInterceptor@184392b2]
00:08:26.820+0900 [restartedMain] INFO  org.springframework.boot.devtools.autoconfigure.OptionalLiveReloadServer -LiveReload server is running on port 35729
00:08:26.827+0900 [restartedMain] INFO  org.apache.coyote.http11.Http11NioProtocol -Starting ProtocolHandler ["http-nio-8080"]
00:08:26.829+0900 [restartedMain] INFO  org.springframework.boot.web.embedded.tomcat.TomcatWebServer -Tomcat started on port(s): 8080 (http) with context path ''
00:08:26.833+0900 [restartedMain] INFO  kr.co.abandog.AbandoneddogApplication -Started AbandoneddogApplication in 0.977 seconds (JVM running for 20452.93)
00:08:26.834+0900 [restartedMain] INFO  org.springframework.boot.devtools.autoconfigure.ConditionEvaluationDeltaLoggingListener -Condition evaluation unchanged
00:08:29.520+0900 [RMI TCP Connection(2)-127.0.0.1] INFO  org.springframework.boot.admin.SpringApplicationAdminMXBeanRegistrar$SpringApplicationAdmin -Application shutdown requested.
00:08:29.911+0900 [RMI TCP Connection(2)-127.0.0.1] INFO  org.springframework.orm.jpa.LocalContainerEntityManagerFactoryBean -Closing JPA EntityManagerFactory for persistence unit 'default'
00:08:29.912+0900 [RMI TCP Connection(2)-127.0.0.1] INFO  com.zaxxer.hikari.HikariDataSource -HikariPool-26 - Shutdown initiated...
00:08:29.918+0900 [RMI TCP Connection(2)-127.0.0.1] INFO  com.zaxxer.hikari.HikariDataSource -HikariPool-26 - Shutdown completed.
