19:42:35.662+0900 [restartedMain] INFO  kr.co.abandog.AbandoneddogApplication - Starting AbandoneddogApplication using Java 11.0.12 on LAPTOP-DQ0S1TQE with PID 13840 (C:\Users\한설희\git\abandogProject\abandoneddog\bin\main started by han in C:\Users\한설희\git\abandogProject\abandoneddog)
19:42:35.663+0900 [restartedMain] INFO  kr.co.abandog.AbandoneddogApplication - No active profile set, falling back to default profiles: default
19:42:35.788+0900 [restartedMain] INFO  org.springframework.data.repository.config.RepositoryConfigurationDelegate - Bootstrapping Spring Data JPA repositories in DEFAULT mode.
19:42:35.814+0900 [restartedMain] INFO  org.springframework.data.repository.config.RepositoryConfigurationDelegate - Finished Spring Data repository scanning in 26 ms. Found 10 JPA repository interfaces.
19:42:35.881+0900 [restartedMain] INFO  org.springframework.boot.web.embedded.tomcat.TomcatWebServer - Tomcat initialized with port(s): 8080 (http)
19:42:35.881+0900 [restartedMain] INFO  org.apache.coyote.http11.Http11NioProtocol - Initializing ProtocolHandler ["http-nio-8080"]
19:42:35.881+0900 [restartedMain] INFO  org.apache.catalina.core.StandardService - Starting service [Tomcat]
19:42:35.882+0900 [restartedMain] INFO  org.apache.catalina.core.StandardEngine - Starting Servlet engine: [Apache Tomcat/9.0.53]
19:42:35.899+0900 [restartedMain] INFO  org.apache.catalina.core.ContainerBase.[Tomcat].[localhost].[/] - Initializing Spring embedded WebApplicationContext
19:42:35.899+0900 [restartedMain] INFO  org.springframework.boot.web.servlet.context.ServletWebServerApplicationContext - Root WebApplicationContext: initialization completed in 234 ms
19:42:35.923+0900 [restartedMain] INFO  org.hibernate.jpa.internal.util.LogHelper - HHH000204: Processing PersistenceUnitInfo [name: default]
19:42:35.928+0900 [restartedMain] INFO  com.zaxxer.hikari.HikariDataSource - HikariPool-6 - Starting...
19:42:35.949+0900 [restartedMain] INFO  com.zaxxer.hikari.HikariDataSource - HikariPool-6 - Start completed.
19:42:35.949+0900 [restartedMain] INFO  org.hibernate.dialect.Dialect - HHH000400: Using dialect: org.hibernate.dialect.MySQL8Dialect
19:42:36.084+0900 [restartedMain] INFO  org.hibernate.engine.transaction.jta.platform.internal.JtaPlatformInitiator - HHH000490: Using JtaPlatform implementation: [org.hibernate.engine.transaction.jta.platform.internal.NoJtaPlatform]
19:42:36.085+0900 [restartedMain] INFO  org.springframework.orm.jpa.LocalContainerEntityManagerFactoryBean - Initialized JPA EntityManagerFactory for persistence unit 'default'
19:42:36.169+0900 [restartedMain] WARN  org.springframework.boot.autoconfigure.orm.jpa.JpaBaseConfiguration$JpaWebConfiguration - spring.jpa.open-in-view is enabled by default. Therefore, database queries may be performed during view rendering. Explicitly configure spring.jpa.open-in-view to disable this warning
19:42:36.352+0900 [restartedMain] INFO  org.springframework.boot.devtools.autoconfigure.OptionalLiveReloadServer - LiveReload server is running on port 35729
19:42:36.358+0900 [restartedMain] INFO  org.apache.coyote.http11.Http11NioProtocol - Starting ProtocolHandler ["http-nio-8080"]
19:42:36.359+0900 [restartedMain] INFO  org.springframework.boot.web.embedded.tomcat.TomcatWebServer - Tomcat started on port(s): 8080 (http) with context path ''
19:42:36.363+0900 [restartedMain] INFO  kr.co.abandog.AbandoneddogApplication - Started AbandoneddogApplication in 0.729 seconds (JVM running for 461.047)
19:42:36.364+0900 [restartedMain] INFO  org.springframework.boot.devtools.autoconfigure.ConditionEvaluationDeltaLoggingListener - Condition evaluation unchanged
19:42:36.364+0900 [restartedMain] INFO  kr.co.abandog.AbandoneddogApplication - Hi im INFO log
19:47:10.108+0900 [RMI TCP Connection(2)-127.0.0.1] INFO  org.springframework.boot.admin.SpringApplicationAdminMXBeanRegistrar$SpringApplicationAdmin - Application shutdown requested.
19:47:10.505+0900 [RMI TCP Connection(2)-127.0.0.1] INFO  org.springframework.orm.jpa.LocalContainerEntityManagerFactoryBean - Closing JPA EntityManagerFactory for persistence unit 'default'
19:47:10.505+0900 [RMI TCP Connection(2)-127.0.0.1] INFO  com.zaxxer.hikari.HikariDataSource - HikariPool-6 - Shutdown initiated...
19:47:10.518+0900 [RMI TCP Connection(2)-127.0.0.1] INFO  com.zaxxer.hikari.HikariDataSource - HikariPool-6 - Shutdown completed.
