23:57:44.976+0900 [restartedMain] INFO  kr.co.abandog.AbandoneddogApplication -Starting AbandoneddogApplication using Java 11.0.12 on LAPTOP-DQ0S1TQE with PID 13204 (C:\Users\한설희\git\abandogProject\abandoneddog\bin\main started by han in C:\Users\한설희\git\abandogProject\abandoneddog)
23:57:44.988+0900 [restartedMain] INFO  kr.co.abandog.AbandoneddogApplication -No active profile set, falling back to default profiles: default
23:57:45.402+0900 [restartedMain] INFO  org.springframework.boot.devtools.env.DevToolsPropertyDefaultsPostProcessor -Devtools property defaults active! Set 'spring.devtools.add-properties' to 'false' to disable
23:57:45.403+0900 [restartedMain] INFO  org.springframework.boot.devtools.env.DevToolsPropertyDefaultsPostProcessor -For additional web related logging consider setting the 'logging.level.web' property to 'DEBUG'
23:57:46.528+0900 [restartedMain] INFO  org.springframework.data.repository.config.RepositoryConfigurationDelegate -Bootstrapping Spring Data JPA repositories in DEFAULT mode.
23:57:46.663+0900 [restartedMain] INFO  org.springframework.data.repository.config.RepositoryConfigurationDelegate -Finished Spring Data repository scanning in 127 ms. Found 10 JPA repository interfaces.
23:57:47.652+0900 [restartedMain] INFO  org.springframework.boot.web.embedded.tomcat.TomcatWebServer -Tomcat initialized with port(s): 8080 (http)
23:57:47.669+0900 [restartedMain] INFO  org.apache.coyote.http11.Http11NioProtocol -Initializing ProtocolHandler ["http-nio-8080"]
23:57:47.670+0900 [restartedMain] INFO  org.apache.catalina.core.StandardService -Starting service [Tomcat]
23:57:47.670+0900 [restartedMain] INFO  org.apache.catalina.core.StandardEngine -Starting Servlet engine: [Apache Tomcat/9.0.56]
23:57:47.839+0900 [restartedMain] INFO  org.apache.catalina.core.ContainerBase.[Tomcat].[localhost].[/] -Initializing Spring embedded WebApplicationContext
23:57:47.839+0900 [restartedMain] INFO  org.springframework.boot.web.servlet.context.ServletWebServerApplicationContext -Root WebApplicationContext: initialization completed in 2435 ms
23:57:48.181+0900 [restartedMain] INFO  org.hibernate.jpa.internal.util.LogHelper -HHH000204: Processing PersistenceUnitInfo [name: default]
23:57:48.267+0900 [restartedMain] INFO  org.hibernate.Version -HHH000412: Hibernate ORM core version 5.6.4.Final
23:57:48.609+0900 [restartedMain] INFO  org.hibernate.annotations.common.Version -HCANN000001: Hibernate Commons Annotations {5.1.2.Final}
23:57:48.644+0900 [restartedMain] DEBUG org.hibernate.type.BasicTypeRegistry -Adding type registration boolean -> org.hibernate.type.BooleanType@7ba527d2
23:57:48.645+0900 [restartedMain] DEBUG org.hibernate.type.BasicTypeRegistry -Adding type registration boolean -> org.hibernate.type.BooleanType@7ba527d2
23:57:48.646+0900 [restartedMain] DEBUG org.hibernate.type.BasicTypeRegistry -Adding type registration java.lang.Boolean -> org.hibernate.type.BooleanType@7ba527d2
23:57:48.646+0900 [restartedMain] DEBUG org.hibernate.type.BasicTypeRegistry -Adding type registration numeric_boolean -> org.hibernate.type.NumericBooleanType@250946a5
23:57:48.648+0900 [restartedMain] DEBUG org.hibernate.type.BasicTypeRegistry -Adding type registration true_false -> org.hibernate.type.TrueFalseType@4be3d749
23:57:48.649+0900 [restartedMain] DEBUG org.hibernate.type.BasicTypeRegistry -Adding type registration yes_no -> org.hibernate.type.YesNoType@6b221d51
23:57:48.650+0900 [restartedMain] DEBUG org.hibernate.type.BasicTypeRegistry -Adding type registration byte -> org.hibernate.type.ByteType@4ec813fe
23:57:48.651+0900 [restartedMain] DEBUG org.hibernate.type.BasicTypeRegistry -Adding type registration byte -> org.hibernate.type.ByteType@4ec813fe
23:57:48.651+0900 [restartedMain] DEBUG org.hibernate.type.BasicTypeRegistry -Adding type registration java.lang.Byte -> org.hibernate.type.ByteType@4ec813fe
23:57:48.653+0900 [restartedMain] DEBUG org.hibernate.type.BasicTypeRegistry -Adding type registration character -> org.hibernate.type.CharacterType@4ce2f143
23:57:48.653+0900 [restartedMain] DEBUG org.hibernate.type.BasicTypeRegistry -Adding type registration char -> org.hibernate.type.CharacterType@4ce2f143
23:57:48.653+0900 [restartedMain] DEBUG org.hibernate.type.BasicTypeRegistry -Adding type registration java.lang.Character -> org.hibernate.type.CharacterType@4ce2f143
23:57:48.655+0900 [restartedMain] DEBUG org.hibernate.type.BasicTypeRegistry -Adding type registration short -> org.hibernate.type.ShortType@5bd5b6c0
23:57:48.655+0900 [restartedMain] DEBUG org.hibernate.type.BasicTypeRegistry -Adding type registration short -> org.hibernate.type.ShortType@5bd5b6c0
23:57:48.655+0900 [restartedMain] DEBUG org.hibernate.type.BasicTypeRegistry -Adding type registration java.lang.Short -> org.hibernate.type.ShortType@5bd5b6c0
23:57:48.657+0900 [restartedMain] DEBUG org.hibernate.type.BasicTypeRegistry -Adding type registration integer -> org.hibernate.type.IntegerType@1a474060
23:57:48.658+0900 [restartedMain] DEBUG org.hibernate.type.BasicTypeRegistry -Adding type registration int -> org.hibernate.type.IntegerType@1a474060
23:57:48.658+0900 [restartedMain] DEBUG org.hibernate.type.BasicTypeRegistry -Adding type registration java.lang.Integer -> org.hibernate.type.IntegerType@1a474060
23:57:48.659+0900 [restartedMain] DEBUG org.hibernate.type.BasicTypeRegistry -Adding type registration long -> org.hibernate.type.LongType@14f06f01
23:57:48.659+0900 [restartedMain] DEBUG org.hibernate.type.BasicTypeRegistry -Adding type registration long -> org.hibernate.type.LongType@14f06f01
23:57:48.659+0900 [restartedMain] DEBUG org.hibernate.type.BasicTypeRegistry -Adding type registration java.lang.Long -> org.hibernate.type.LongType@14f06f01
23:57:48.661+0900 [restartedMain] DEBUG org.hibernate.type.BasicTypeRegistry -Adding type registration float -> org.hibernate.type.FloatType@3e93e722
23:57:48.662+0900 [restartedMain] DEBUG org.hibernate.type.BasicTypeRegistry -Adding type registration float -> org.hibernate.type.FloatType@3e93e722
23:57:48.662+0900 [restartedMain] DEBUG org.hibernate.type.BasicTypeRegistry -Adding type registration java.lang.Float -> org.hibernate.type.FloatType@3e93e722
23:57:48.663+0900 [restartedMain] DEBUG org.hibernate.type.BasicTypeRegistry -Adding type registration double -> org.hibernate.type.DoubleType@6dcd3de6
23:57:48.664+0900 [restartedMain] DEBUG org.hibernate.type.BasicTypeRegistry -Adding type registration double -> org.hibernate.type.DoubleType@6dcd3de6
23:57:48.664+0900 [restartedMain] DEBUG org.hibernate.type.BasicTypeRegistry -Adding type registration java.lang.Double -> org.hibernate.type.DoubleType@6dcd3de6
23:57:48.664+0900 [restartedMain] DEBUG org.hibernate.type.BasicTypeRegistry -Adding type registration big_decimal -> org.hibernate.type.BigDecimalType@4db9e55e
23:57:48.665+0900 [restartedMain] DEBUG org.hibernate.type.BasicTypeRegistry -Adding type registration java.math.BigDecimal -> org.hibernate.type.BigDecimalType@4db9e55e
23:57:48.666+0900 [restartedMain] DEBUG org.hibernate.type.BasicTypeRegistry -Adding type registration big_integer -> org.hibernate.type.BigIntegerType@49f85a95
23:57:48.666+0900 [restartedMain] DEBUG org.hibernate.type.BasicTypeRegistry -Adding type registration java.math.BigInteger -> org.hibernate.type.BigIntegerType@49f85a95
23:57:48.666+0900 [restartedMain] DEBUG org.hibernate.type.BasicTypeRegistry -Adding type registration string -> org.hibernate.type.StringType@5a1a6ab4
23:57:48.668+0900 [restartedMain] DEBUG org.hibernate.type.BasicTypeRegistry -Adding type registration java.lang.String -> org.hibernate.type.StringType@5a1a6ab4
23:57:48.668+0900 [restartedMain] DEBUG org.hibernate.type.BasicTypeRegistry -Adding type registration nstring -> org.hibernate.type.StringNVarcharType@5c8385a4
23:57:48.669+0900 [restartedMain] DEBUG org.hibernate.type.BasicTypeRegistry -Adding type registration ncharacter -> org.hibernate.type.CharacterNCharType@4c2773c6
23:57:48.671+0900 [restartedMain] DEBUG org.hibernate.type.BasicTypeRegistry -Adding type registration url -> org.hibernate.type.UrlType@4caf4ccf
23:57:48.671+0900 [restartedMain] DEBUG org.hibernate.type.BasicTypeRegistry -Adding type registration java.net.URL -> org.hibernate.type.UrlType@4caf4ccf
23:57:48.672+0900 [restartedMain] DEBUG org.hibernate.type.BasicTypeRegistry -Adding type registration Duration -> org.hibernate.type.DurationType@23d669fb
23:57:48.672+0900 [restartedMain] DEBUG org.hibernate.type.BasicTypeRegistry -Adding type registration java.time.Duration -> org.hibernate.type.DurationType@23d669fb
23:57:48.673+0900 [restartedMain] DEBUG org.hibernate.type.BasicTypeRegistry -Adding type registration Instant -> org.hibernate.type.InstantType@33d15146
23:57:48.673+0900 [restartedMain] DEBUG org.hibernate.type.BasicTypeRegistry -Adding type registration java.time.Instant -> org.hibernate.type.InstantType@33d15146
23:57:48.674+0900 [restartedMain] DEBUG org.hibernate.type.BasicTypeRegistry -Adding type registration LocalDateTime -> org.hibernate.type.LocalDateTimeType@dac73c7
23:57:48.675+0900 [restartedMain] DEBUG org.hibernate.type.BasicTypeRegistry -Adding type registration java.time.LocalDateTime -> org.hibernate.type.LocalDateTimeType@dac73c7
23:57:48.676+0900 [restartedMain] DEBUG org.hibernate.type.BasicTypeRegistry -Adding type registration LocalDate -> org.hibernate.type.LocalDateType@4e4d4f23
23:57:48.676+0900 [restartedMain] DEBUG org.hibernate.type.BasicTypeRegistry -Adding type registration java.time.LocalDate -> org.hibernate.type.LocalDateType@4e4d4f23
23:57:48.677+0900 [restartedMain] DEBUG org.hibernate.type.BasicTypeRegistry -Adding type registration LocalTime -> org.hibernate.type.LocalTimeType@246dc3ed
23:57:48.677+0900 [restartedMain] DEBUG org.hibernate.type.BasicTypeRegistry -Adding type registration java.time.LocalTime -> org.hibernate.type.LocalTimeType@246dc3ed
23:57:48.678+0900 [restartedMain] DEBUG org.hibernate.type.BasicTypeRegistry -Adding type registration OffsetDateTime -> org.hibernate.type.OffsetDateTimeType@53159ee7
23:57:48.679+0900 [restartedMain] DEBUG org.hibernate.type.BasicTypeRegistry -Adding type registration java.time.OffsetDateTime -> org.hibernate.type.OffsetDateTimeType@53159ee7
23:57:48.680+0900 [restartedMain] DEBUG org.hibernate.type.BasicTypeRegistry -Adding type registration OffsetTime -> org.hibernate.type.OffsetTimeType@446ba488
23:57:48.680+0900 [restartedMain] DEBUG org.hibernate.type.BasicTypeRegistry -Adding type registration java.time.OffsetTime -> org.hibernate.type.OffsetTimeType@446ba488
23:57:48.682+0900 [restartedMain] DEBUG org.hibernate.type.BasicTypeRegistry -Adding type registration ZonedDateTime -> org.hibernate.type.ZonedDateTimeType@30c3df26
23:57:48.683+0900 [restartedMain] DEBUG org.hibernate.type.BasicTypeRegistry -Adding type registration java.time.ZonedDateTime -> org.hibernate.type.ZonedDateTimeType@30c3df26
23:57:48.687+0900 [restartedMain] DEBUG org.hibernate.type.BasicTypeRegistry -Adding type registration date -> org.hibernate.type.DateType@2c3f4c0b
23:57:48.687+0900 [restartedMain] DEBUG org.hibernate.type.BasicTypeRegistry -Adding type registration java.sql.Date -> org.hibernate.type.DateType@2c3f4c0b
23:57:48.690+0900 [restartedMain] DEBUG org.hibernate.type.BasicTypeRegistry -Adding type registration time -> org.hibernate.type.TimeType@41aba3e5
23:57:48.690+0900 [restartedMain] DEBUG org.hibernate.type.BasicTypeRegistry -Adding type registration java.sql.Time -> org.hibernate.type.TimeType@41aba3e5
23:57:48.691+0900 [restartedMain] DEBUG org.hibernate.type.BasicTypeRegistry -Adding type registration timestamp -> org.hibernate.type.TimestampType@61378c3d
23:57:48.691+0900 [restartedMain] DEBUG org.hibernate.type.BasicTypeRegistry -Adding type registration java.sql.Timestamp -> org.hibernate.type.TimestampType@61378c3d
23:57:48.692+0900 [restartedMain] DEBUG org.hibernate.type.BasicTypeRegistry -Adding type registration java.util.Date -> org.hibernate.type.TimestampType@61378c3d
23:57:48.693+0900 [restartedMain] DEBUG org.hibernate.type.BasicTypeRegistry -Adding type registration dbtimestamp -> org.hibernate.type.DbTimestampType@6c4aed74
23:57:48.694+0900 [restartedMain] DEBUG org.hibernate.type.BasicTypeRegistry -Adding type registration calendar -> org.hibernate.type.CalendarType@56cf46ad
23:57:48.694+0900 [restartedMain] DEBUG org.hibernate.type.BasicTypeRegistry -Adding type registration java.util.Calendar -> org.hibernate.type.CalendarType@56cf46ad
23:57:48.695+0900 [restartedMain] DEBUG org.hibernate.type.BasicTypeRegistry -Adding type registration java.util.GregorianCalendar -> org.hibernate.type.CalendarType@56cf46ad
23:57:48.695+0900 [restartedMain] DEBUG org.hibernate.type.BasicTypeRegistry -Adding type registration calendar_date -> org.hibernate.type.CalendarDateType@452c4f26
23:57:48.696+0900 [restartedMain] DEBUG org.hibernate.type.BasicTypeRegistry -Adding type registration calendar_time -> org.hibernate.type.CalendarTimeType@2f770ada
23:57:48.698+0900 [restartedMain] DEBUG org.hibernate.type.BasicTypeRegistry -Adding type registration locale -> org.hibernate.type.LocaleType@3a16027
23:57:48.698+0900 [restartedMain] DEBUG org.hibernate.type.BasicTypeRegistry -Adding type registration java.util.Locale -> org.hibernate.type.LocaleType@3a16027
23:57:48.699+0900 [restartedMain] DEBUG org.hibernate.type.BasicTypeRegistry -Adding type registration currency -> org.hibernate.type.CurrencyType@5f0f9ff
23:57:48.699+0900 [restartedMain] DEBUG org.hibernate.type.BasicTypeRegistry -Adding type registration java.util.Currency -> org.hibernate.type.CurrencyType@5f0f9ff
23:57:48.700+0900 [restartedMain] DEBUG org.hibernate.type.BasicTypeRegistry -Adding type registration timezone -> org.hibernate.type.TimeZoneType@48dba7d3
23:57:48.700+0900 [restartedMain] DEBUG org.hibernate.type.BasicTypeRegistry -Adding type registration java.util.TimeZone -> org.hibernate.type.TimeZoneType@48dba7d3
23:57:48.701+0900 [restartedMain] DEBUG org.hibernate.type.BasicTypeRegistry -Adding type registration class -> org.hibernate.type.ClassType@68521d15
23:57:48.702+0900 [restartedMain] DEBUG org.hibernate.type.BasicTypeRegistry -Adding type registration java.lang.Class -> org.hibernate.type.ClassType@68521d15
23:57:48.703+0900 [restartedMain] DEBUG org.hibernate.type.BasicTypeRegistry -Adding type registration uuid-binary -> org.hibernate.type.UUIDBinaryType@50245716
23:57:48.703+0900 [restartedMain] DEBUG org.hibernate.type.BasicTypeRegistry -Adding type registration java.util.UUID -> org.hibernate.type.UUIDBinaryType@50245716
23:57:48.704+0900 [restartedMain] DEBUG org.hibernate.type.BasicTypeRegistry -Adding type registration uuid-char -> org.hibernate.type.UUIDCharType@89c9688
23:57:48.705+0900 [restartedMain] DEBUG org.hibernate.type.BasicTypeRegistry -Adding type registration binary -> org.hibernate.type.BinaryType@3066cd0c
23:57:48.705+0900 [restartedMain] DEBUG org.hibernate.type.BasicTypeRegistry -Adding type registration byte[] -> org.hibernate.type.BinaryType@3066cd0c
23:57:48.705+0900 [restartedMain] DEBUG org.hibernate.type.BasicTypeRegistry -Adding type registration [B -> org.hibernate.type.BinaryType@3066cd0c
23:57:48.706+0900 [restartedMain] DEBUG org.hibernate.type.BasicTypeRegistry -Adding type registration wrapper-binary -> org.hibernate.type.WrapperBinaryType@7c865473
23:57:48.706+0900 [restartedMain] DEBUG org.hibernate.type.BasicTypeRegistry -Adding type registration Byte[] -> org.hibernate.type.WrapperBinaryType@7c865473
23:57:48.706+0900 [restartedMain] DEBUG org.hibernate.type.BasicTypeRegistry -Adding type registration [Ljava.lang.Byte; -> org.hibernate.type.WrapperBinaryType@7c865473
23:57:48.707+0900 [restartedMain] DEBUG org.hibernate.type.BasicTypeRegistry -Adding type registration row_version -> org.hibernate.type.RowVersionType@686db394
23:57:48.707+0900 [restartedMain] DEBUG org.hibernate.type.BasicTypeRegistry -Adding type registration image -> org.hibernate.type.ImageType@4558a9b3
23:57:48.708+0900 [restartedMain] DEBUG org.hibernate.type.BasicTypeRegistry -Adding type registration characters -> org.hibernate.type.CharArrayType@5bac1036
23:57:48.708+0900 [restartedMain] DEBUG org.hibernate.type.BasicTypeRegistry -Adding type registration char[] -> org.hibernate.type.CharArrayType@5bac1036
23:57:48.709+0900 [restartedMain] DEBUG org.hibernate.type.BasicTypeRegistry -Adding type registration [C -> org.hibernate.type.CharArrayType@5bac1036
23:57:48.709+0900 [restartedMain] DEBUG org.hibernate.type.BasicTypeRegistry -Adding type registration wrapper-characters -> org.hibernate.type.CharacterArrayType@31fe48e1
23:57:48.710+0900 [restartedMain] DEBUG org.hibernate.type.BasicTypeRegistry -Adding type registration [Ljava.lang.Character; -> org.hibernate.type.CharacterArrayType@31fe48e1
23:57:48.710+0900 [restartedMain] DEBUG org.hibernate.type.BasicTypeRegistry -Adding type registration Character[] -> org.hibernate.type.CharacterArrayType@31fe48e1
23:57:48.710+0900 [restartedMain] DEBUG org.hibernate.type.BasicTypeRegistry -Adding type registration text -> org.hibernate.type.TextType@5598b5d7
23:57:48.710+0900 [restartedMain] DEBUG org.hibernate.type.BasicTypeRegistry -Adding type registration ntext -> org.hibernate.type.NTextType@6c5e0f88
23:57:48.713+0900 [restartedMain] DEBUG org.hibernate.type.BasicTypeRegistry -Adding type registration blob -> org.hibernate.type.BlobType@71796766
23:57:48.714+0900 [restartedMain] DEBUG org.hibernate.type.BasicTypeRegistry -Adding type registration java.sql.Blob -> org.hibernate.type.BlobType@71796766
23:57:48.716+0900 [restartedMain] DEBUG org.hibernate.type.BasicTypeRegistry -Adding type registration materialized_blob -> org.hibernate.type.MaterializedBlobType@1b060b98
23:57:48.720+0900 [restartedMain] DEBUG org.hibernate.type.BasicTypeRegistry -Adding type registration clob -> org.hibernate.type.ClobType@5c0180da
23:57:48.721+0900 [restartedMain] DEBUG org.hibernate.type.BasicTypeRegistry -Adding type registration java.sql.Clob -> org.hibernate.type.ClobType@5c0180da
23:57:48.724+0900 [restartedMain] DEBUG org.hibernate.type.BasicTypeRegistry -Adding type registration nclob -> org.hibernate.type.NClobType@261a8853
23:57:48.724+0900 [restartedMain] DEBUG org.hibernate.type.BasicTypeRegistry -Adding type registration java.sql.NClob -> org.hibernate.type.NClobType@261a8853
23:57:48.724+0900 [restartedMain] DEBUG org.hibernate.type.BasicTypeRegistry -Adding type registration materialized_clob -> org.hibernate.type.MaterializedClobType@91e398f
23:57:48.725+0900 [restartedMain] DEBUG org.hibernate.type.BasicTypeRegistry -Adding type registration materialized_nclob -> org.hibernate.type.MaterializedNClobType@243b74ee
23:57:48.726+0900 [restartedMain] DEBUG org.hibernate.type.BasicTypeRegistry -Adding type registration serializable -> org.hibernate.type.SerializableType@48a561b1
23:57:48.730+0900 [restartedMain] DEBUG org.hibernate.type.BasicTypeRegistry -Adding type registration object -> org.hibernate.type.ObjectType@31383e9c
23:57:48.730+0900 [restartedMain] DEBUG org.hibernate.type.BasicTypeRegistry -Adding type registration java.lang.Object -> org.hibernate.type.ObjectType@31383e9c
23:57:48.731+0900 [restartedMain] DEBUG org.hibernate.type.BasicTypeRegistry -Adding type registration imm_date -> org.hibernate.type.AdaptedImmutableType@14a21ad2
23:57:48.731+0900 [restartedMain] DEBUG org.hibernate.type.BasicTypeRegistry -Adding type registration imm_time -> org.hibernate.type.AdaptedImmutableType@72f81e
23:57:48.731+0900 [restartedMain] DEBUG org.hibernate.type.BasicTypeRegistry -Adding type registration imm_timestamp -> org.hibernate.type.AdaptedImmutableType@21b542ba
23:57:48.731+0900 [restartedMain] DEBUG org.hibernate.type.BasicTypeRegistry -Adding type registration imm_dbtimestamp -> org.hibernate.type.AdaptedImmutableType@359f6483
23:57:48.731+0900 [restartedMain] DEBUG org.hibernate.type.BasicTypeRegistry -Adding type registration imm_calendar -> org.hibernate.type.AdaptedImmutableType@31ef8c68
23:57:48.731+0900 [restartedMain] DEBUG org.hibernate.type.BasicTypeRegistry -Adding type registration imm_calendar_date -> org.hibernate.type.AdaptedImmutableType@26ca2043
23:57:48.731+0900 [restartedMain] DEBUG org.hibernate.type.BasicTypeRegistry -Adding type registration imm_binary -> org.hibernate.type.AdaptedImmutableType@2d6116b2
23:57:48.732+0900 [restartedMain] DEBUG org.hibernate.type.BasicTypeRegistry -Adding type registration imm_serializable -> org.hibernate.type.AdaptedImmutableType@6394d4e1
23:57:48.793+0900 [restartedMain] INFO  com.zaxxer.hikari.HikariDataSource -HikariPool-1 - Starting...
23:57:49.504+0900 [restartedMain] INFO  com.zaxxer.hikari.HikariDataSource -HikariPool-1 - Start completed.
23:57:49.581+0900 [restartedMain] INFO  org.hibernate.dialect.Dialect -HHH000400: Using dialect: org.hibernate.dialect.MySQL8Dialect
23:57:49.650+0900 [restartedMain] DEBUG org.hibernate.type.spi.TypeConfiguration$Scope -Scoping TypeConfiguration [org.hibernate.type.spi.TypeConfiguration@31a22777] to MetadataBuildingContext [org.hibernate.boot.internal.MetadataBuildingContextRootImpl@38eb73bf]
23:57:50.165+0900 [restartedMain] DEBUG org.hibernate.type.spi.TypeConfiguration$Scope -Scoping TypeConfiguration [org.hibernate.type.spi.TypeConfiguration@31a22777] to SessionFactoryImpl [org.hibernate.internal.SessionFactoryImpl@1e92dccc]
23:57:51.197+0900 [restartedMain] INFO  org.hibernate.engine.transaction.jta.platform.internal.JtaPlatformInitiator -HHH000490: Using JtaPlatform implementation: [org.hibernate.engine.transaction.jta.platform.internal.NoJtaPlatform]
23:57:51.208+0900 [restartedMain] TRACE org.hibernate.type.spi.TypeConfiguration$Scope -Handling #sessionFactoryCreated from [org.hibernate.internal.SessionFactoryImpl@1e92dccc] for TypeConfiguration
23:57:51.210+0900 [restartedMain] INFO  org.springframework.orm.jpa.LocalContainerEntityManagerFactoryBean -Initialized JPA EntityManagerFactory for persistence unit 'default'
23:57:51.678+0900 [restartedMain] WARN  org.springframework.boot.autoconfigure.orm.jpa.JpaBaseConfiguration$JpaWebConfiguration -spring.jpa.open-in-view is enabled by default. Therefore, database queries may be performed during view rendering. Explicitly configure spring.jpa.open-in-view to disable this warning
23:57:52.749+0900 [restartedMain] INFO  org.springframework.boot.autoconfigure.security.servlet.UserDetailsServiceAutoConfiguration -

Using generated security password: eecdea66-662f-43ce-af29-4271034825f7

23:57:52.873+0900 [restartedMain] DEBUG org.springframework.security.web.access.expression.ExpressionBasedFilterInvocationSecurityMetadataSource -Adding web access control expression [permitAll] for ExactUrl [processUrl='/login/login?error']
23:57:52.875+0900 [restartedMain] DEBUG org.springframework.security.web.access.expression.ExpressionBasedFilterInvocationSecurityMetadataSource -Adding web access control expression [permitAll] for ExactUrl [processUrl='/login/login']
23:57:52.875+0900 [restartedMain] DEBUG org.springframework.security.web.access.expression.ExpressionBasedFilterInvocationSecurityMetadataSource -Adding web access control expression [permitAll] for ExactUrl [processUrl='/login/login']
23:57:52.875+0900 [restartedMain] DEBUG org.springframework.security.web.access.expression.ExpressionBasedFilterInvocationSecurityMetadataSource -Adding web access control expression [permitAll] for Ant [pattern='/']
23:57:52.875+0900 [restartedMain] DEBUG org.springframework.security.web.access.expression.ExpressionBasedFilterInvocationSecurityMetadataSource -Adding web access control expression [permitAll] for Ant [pattern='/layout/home']
23:57:52.875+0900 [restartedMain] DEBUG org.springframework.security.web.access.expression.ExpressionBasedFilterInvocationSecurityMetadataSource -Adding web access control expression [permitAll] for Ant [pattern='/image/*']
23:57:52.876+0900 [restartedMain] DEBUG org.springframework.security.web.access.expression.ExpressionBasedFilterInvocationSecurityMetadataSource -Adding web access control expression [permitAll] for Ant [pattern='/list']
23:57:52.876+0900 [restartedMain] DEBUG org.springframework.security.web.access.expression.ExpressionBasedFilterInvocationSecurityMetadataSource -Adding web access control expression [permitAll] for Ant [pattern='/css/*']
23:57:52.876+0900 [restartedMain] DEBUG org.springframework.security.web.access.expression.ExpressionBasedFilterInvocationSecurityMetadataSource -Adding web access control expression [hasRole('ROLE_USER')] for Ant [pattern='/layout/adoptapply']
23:57:52.878+0900 [restartedMain] DEBUG org.springframework.security.web.access.expression.ExpressionBasedFilterInvocationSecurityMetadataSource -Adding web access control expression [authenticated] for any request
23:57:52.887+0900 [restartedMain] INFO  org.springframework.security.web.DefaultSecurityFilterChain -Will secure any request with [org.springframework.security.web.context.request.async.WebAsyncManagerIntegrationFilter@1dea3ad4, org.springframework.security.web.context.SecurityContextPersistenceFilter@21f68c4d, org.springframework.security.web.header.HeaderWriterFilter@63eb4ed6, org.springframework.security.web.authentication.logout.LogoutFilter@7b3f2a6d, org.springframework.security.web.authentication.UsernamePasswordAuthenticationFilter@3533ee2a, org.springframework.security.web.savedrequest.RequestCacheAwareFilter@75a89fa9, org.springframework.security.web.servletapi.SecurityContextHolderAwareRequestFilter@3f9b239b, org.springframework.security.web.authentication.AnonymousAuthenticationFilter@4438639, org.springframework.security.web.session.SessionManagementFilter@1aa50446, org.springframework.security.web.access.ExceptionTranslationFilter@4c306b8f, org.springframework.security.web.access.intercept.FilterSecurityInterceptor@53a448e8]
23:57:52.961+0900 [restartedMain] INFO  org.springframework.boot.devtools.autoconfigure.OptionalLiveReloadServer -LiveReload server is running on port 35729
23:57:52.989+0900 [restartedMain] INFO  org.apache.coyote.http11.Http11NioProtocol -Starting ProtocolHandler ["http-nio-8080"]
23:57:53.015+0900 [restartedMain] INFO  org.springframework.boot.web.embedded.tomcat.TomcatWebServer -Tomcat started on port(s): 8080 (http) with context path ''
23:57:53.037+0900 [restartedMain] INFO  kr.co.abandog.AbandoneddogApplication -Started AbandoneddogApplication in 8.875 seconds (JVM running for 11.779)
